Consolidate compiler generated dependencies of target test_rcu_protected
[  6%] Building CXX object test/CMakeFiles/test_rcu_protected.dir/test_rcu_protected.cpp.o
In file included from /home/ubuntu/rcu/test/test_rcu_protected.cpp:4:
/home/ubuntu/rcu/include/wbrcu/rcu_protected.hpp: In instantiation of ‘wbrcu::rcu_protected<T, TagId, flushingThreshold>::rcu_protected(T*) [with T = RCUTest::TestObject; long unsigned int TagId = 0; long unsigned int flushingThreshold = 20]’:
/home/ubuntu/rcu/test/test_rcu_protected.cpp:13:63:   required from here
/home/ubuntu/rcu/include/wbrcu/rcu_protected.hpp:107:36: error: no match for ‘operator=’ (operand types are ‘__gnu_cxx::__alloc_traits<std::allocator<std::vector<RCUTest::TestObject*, wbrcu::NumaAllocator<RCUTest::TestObject*> > >, std::vector<RCUTest::TestObject*, wbrcu::NumaAllocator<RCUTest::TestObject*> > >::value_type’ {aka ‘std::vector<RCUTest::TestObject*, wbrcu::NumaAllocator<RCUTest::TestObject*> >’} and ‘std::vector<RCUTest::TestObject*, std::allocator<RCUTest::TestObject*> >’)
  107 |                 m_node_finished[i] = std::vector<T*>();
      |                 ~~~~~~~~~~~~~~~~~~~^~~~~~~~~~~~~~~~~~~
In file included from /usr/include/c++/11/vector:72,
                 from /home/ubuntu/.conan2/p/b/gtestcb47be3c6b389/p/include/gtest/gtest.h:61,
                 from /home/ubuntu/rcu/test/test_rcu_protected.cpp:1:
/usr/include/c++/11/bits/vector.tcc:198:5: note: candidate: ‘std::vector<_Tp, _Alloc>& std::vector<_Tp, _Alloc>::operator=(const std::vector<_Tp, _Alloc>&) [with _Tp = RCUTest::TestObject*; _Alloc = wbrcu::NumaAllocator<RCUTest::TestObject*>]’
  198 |     vector<_Tp, _Alloc>::
      |     ^~~~~~~~~~~~~~~~~~~
/usr/include/c++/11/bits/vector.tcc:199:42: note:   no known conversion for argument 1 from ‘std::vector<RCUTest::TestObject*, std::allocator<RCUTest::TestObject*> >’ to ‘const std::vector<RCUTest::TestObject*, wbrcu::NumaAllocator<RCUTest::TestObject*> >&’
  199 |     operator=(const vector<_Tp, _Alloc>& __x)
      |               ~~~~~~~~~~~~~~~~~~~~~~~~~~~^~~
In file included from /usr/include/c++/11/vector:67,
                 from /home/ubuntu/.conan2/p/b/gtestcb47be3c6b389/p/include/gtest/gtest.h:61,
                 from /home/ubuntu/rcu/test/test_rcu_protected.cpp:1:
/usr/include/c++/11/bits/stl_vector.h:709:7: note: candidate: ‘std::vector<_Tp, _Alloc>& std::vector<_Tp, _Alloc>::operator=(std::vector<_Tp, _Alloc>&&) [with _Tp = RCUTest::TestObject*; _Alloc = wbrcu::NumaAllocator<RCUTest::TestObject*>]’
  709 |       operator=(vector&& __x) noexcept(_Alloc_traits::_S_nothrow_move())
      |       ^~~~~~~~
/usr/include/c++/11/bits/stl_vector.h:709:26: note:   no known conversion for argument 1 from ‘std::vector<RCUTest::TestObject*, std::allocator<RCUTest::TestObject*> >’ to ‘std::vector<RCUTest::TestObject*, wbrcu::NumaAllocator<RCUTest::TestObject*> >&&’
  709 |       operator=(vector&& __x) noexcept(_Alloc_traits::_S_nothrow_move())
      |                 ~~~~~~~~~^~~
/usr/include/c++/11/bits/stl_vector.h:730:7: note: candidate: ‘std::vector<_Tp, _Alloc>& std::vector<_Tp, _Alloc>::operator=(std::initializer_list<_Tp>) [with _Tp = RCUTest::TestObject*; _Alloc = wbrcu::NumaAllocator<RCUTest::TestObject*>]’
  730 |       operator=(initializer_list<value_type> __l)
      |       ^~~~~~~~
/usr/include/c++/11/bits/stl_vector.h:730:46: note:   no known conversion for argument 1 from ‘std::vector<RCUTest::TestObject*, std::allocator<RCUTest::TestObject*> >’ to ‘std::initializer_list<RCUTest::TestObject*>’
  730 |       operator=(initializer_list<value_type> __l)
      |                 ~~~~~~~~~~~~~~~~~~~~~~~~~~~~~^~~
In file included from /home/ubuntu/rcu/test/test_rcu_protected.cpp:4:
/home/ubuntu/rcu/include/wbrcu/rcu_protected.hpp:108:39: error: no match for ‘operator=’ (operand types are ‘__gnu_cxx::__alloc_traits<std::allocator<std::array<std::vector<RCUTest::TestObject*, wbrcu::NumaAllocator<RCUTest::TestObject*> >, 2> >, std::array<std::vector<RCUTest::TestObject*, wbrcu::NumaAllocator<RCUTest::TestObject*> >, 2> >::value_type’ {aka ‘std::array<std::vector<RCUTest::TestObject*, wbrcu::NumaAllocator<RCUTest::TestObject*> >, 2>’} and ‘<brace-enclosed initializer list>’)
  108 |                 m_node_retireLists[i] = {std::vector<T*>(), std::vector<T*>()};
      |                 ~~~~~~~~~~~~~~~~~~~~~~^~~~~~~~~~~~~~~~~~~~~~~~~~~~~~~~~~~~~~~~
In file included from /usr/include/c++/11/tuple:39,
                 from /usr/include/c++/11/bits/unique_ptr.h:37,
                 from /usr/include/c++/11/memory:76,
                 from /home/ubuntu/.conan2/p/b/gtestcb47be3c6b389/p/include/gtest/gtest.h:55,
                 from /home/ubuntu/rcu/test/test_rcu_protected.cpp:1:
/usr/include/c++/11/array:95:12: note: candidate: ‘std::array<std::vector<RCUTest::TestObject*, wbrcu::NumaAllocator<RCUTest::TestObject*> >, 2>& std::array<std::vector<RCUTest::TestObject*, wbrcu::NumaAllocator<RCUTest::TestObject*> >, 2>::operator=(const std::array<std::vector<RCUTest::TestObject*, wbrcu::NumaAllocator<RCUTest::TestObject*> >, 2>&)’
   95 |     struct array
      |            ^~~~~
/usr/include/c++/11/array:95:12: note:   no known conversion for argument 1 from ‘<brace-enclosed initializer list>’ to ‘const std::array<std::vector<RCUTest::TestObject*, wbrcu::NumaAllocator<RCUTest::TestObject*> >, 2>&’
/usr/include/c++/11/array:95:12: note: candidate: ‘std::array<std::vector<RCUTest::TestObject*, wbrcu::NumaAllocator<RCUTest::TestObject*> >, 2>& std::array<std::vector<RCUTest::TestObject*, wbrcu::NumaAllocator<RCUTest::TestObject*> >, 2>::operator=(std::array<std::vector<RCUTest::TestObject*, wbrcu::NumaAllocator<RCUTest::TestObject*> >, 2>&&)’
/usr/include/c++/11/array:95:12: note:   no known conversion for argument 1 from ‘<brace-enclosed initializer list>’ to ‘std::array<std::vector<RCUTest::TestObject*, wbrcu::NumaAllocator<RCUTest::TestObject*> >, 2>&&’
In file included from /usr/include/c++/11/vector:67,
                 from /home/ubuntu/.conan2/p/b/gtestcb47be3c6b389/p/include/gtest/gtest.h:61,
                 from /home/ubuntu/rcu/test/test_rcu_protected.cpp:1:
/usr/include/c++/11/bits/stl_vector.h: In instantiation of ‘void std::vector<_Tp, _Alloc>::_M_move_assign(std::vector<_Tp, _Alloc>&&, std::false_type) [with _Tp = RCUTest::TestObject*; _Alloc = wbrcu::NumaAllocator<RCUTest::TestObject*>; std::false_type = std::integral_constant<bool, false>]’:
/usr/include/c++/11/bits/stl_vector.h:714:16:   required from ‘std::vector<_Tp, _Alloc>& std::vector<_Tp, _Alloc>::operator=(std::vector<_Tp, _Alloc>&&) [with _Tp = RCUTest::TestObject*; _Alloc = wbrcu::NumaAllocator<RCUTest::TestObject*>]’
/home/ubuntu/rcu/include/wbrcu/rcu_protected.hpp:101:36:   required from ‘wbrcu::rcu_protected<T, TagId, flushingThreshold>::rcu_protected(T*) [with T = RCUTest::TestObject; long unsigned int TagId = 0; long unsigned int flushingThreshold = 20]’
/home/ubuntu/rcu/test/test_rcu_protected.cpp:13:63:   required from here
/usr/include/c++/11/bits/stl_vector.h:1828:39: error: no match for ‘operator==’ (operand types are ‘std::_Vector_base<RCUTest::TestObject*, wbrcu::NumaAllocator<RCUTest::TestObject*> >::_Tp_alloc_type’ {aka ‘std::allocator_traits<wbrcu::NumaAllocator<RCUTest::TestObject*> >::rebind_alloc<RCUTest::TestObject*>’} and ‘std::_Vector_base<RCUTest::TestObject*, wbrcu::NumaAllocator<RCUTest::TestObject*> >::_Tp_alloc_type’ {aka ‘std::allocator_traits<wbrcu::NumaAllocator<RCUTest::TestObject*> >::rebind_alloc<RCUTest::TestObject*>’})
 1828 |         if (__x._M_get_Tp_allocator() == this->_M_get_Tp_allocator())
      |             ~~~~~~~~~~~~~~~~~~~~~~~~~~^~~~~~~~~~~~~~~~~~~~~~~~~~~~~~
In file included from /usr/include/c++/11/bits/stl_algobase.h:67,
                 from /usr/include/c++/11/memory:63,
                 from /home/ubuntu/.conan2/p/b/gtestcb47be3c6b389/p/include/gtest/gtest.h:55,
                 from /home/ubuntu/rcu/test/test_rcu_protected.cpp:1:
/usr/include/c++/11/bits/stl_iterator.h:495:5: note: candidate: ‘template<class _IteratorL, class _IteratorR> constexpr bool std::operator==(const std::reverse_iterator<_IteratorL>&, const std::reverse_iterator<_IteratorR>&) requires requires{{std::operator==::__x->base() == std::operator==::__y->base()} -> decltype(auto) [requires std::convertible_to<<placeholder>, bool>];}’ (reversed)
  495 |     operator==(const reverse_iterator<_IteratorL>& __x,
      |     ^~~~~~~~
/usr/include/c++/11/bits/stl_iterator.h:495:5: note:   template argument deduction/substitution failed:
In file included from /usr/include/c++/11/vector:67,
                 from /home/ubuntu/.conan2/p/b/gtestcb47be3c6b389/p/include/gtest/gtest.h:61,
                 from /home/ubuntu/rcu/test/test_rcu_protected.cpp:1:
/usr/include/c++/11/bits/stl_vector.h:1828:39: note:   ‘std::_Vector_base<RCUTest::TestObject*, wbrcu::NumaAllocator<RCUTest::TestObject*> >::_Tp_alloc_type’ {aka ‘std::allocator_traits<wbrcu::NumaAllocator<RCUTest::TestObject*> >::rebind_alloc<RCUTest::TestObject*>’} is not derived from ‘const std::reverse_iterator<_IteratorL>’
 1828 |         if (__x._M_get_Tp_allocator() == this->_M_get_Tp_allocator())
      |             ~~~~~~~~~~~~~~~~~~~~~~~~~~^~~~~~~~~~~~~~~~~~~~~~~~~~~~~~
In file included from /usr/include/c++/11/bits/stl_algobase.h:67,
                 from /usr/include/c++/11/memory:63,
                 from /home/ubuntu/.conan2/p/b/gtestcb47be3c6b389/p/include/gtest/gtest.h:55,
                 from /home/ubuntu/rcu/test/test_rcu_protected.cpp:1:
/usr/include/c++/11/bits/stl_iterator.h:1585:5: note: candidate: ‘template<class _IteratorL, class _IteratorR> constexpr bool std::operator==(const std::move_iterator<_IteratorL>&, const std::move_iterator<_IteratorR>&) requires requires{{std::operator==::__x->base() == std::operator==::__y->base()} -> decltype(auto) [requires std::convertible_to<<placeholder>, bool>];}’ (reversed)
 1585 |     operator==(const move_iterator<_IteratorL>& __x,
      |     ^~~~~~~~
/usr/include/c++/11/bits/stl_iterator.h:1585:5: note:   template argument deduction/substitution failed:
In file included from /usr/include/c++/11/vector:67,
                 from /home/ubuntu/.conan2/p/b/gtestcb47be3c6b389/p/include/gtest/gtest.h:61,
                 from /home/ubuntu/rcu/test/test_rcu_protected.cpp:1:
/usr/include/c++/11/bits/stl_vector.h:1828:39: note:   ‘std::_Vector_base<RCUTest::TestObject*, wbrcu::NumaAllocator<RCUTest::TestObject*> >::_Tp_alloc_type’ {aka ‘std::allocator_traits<wbrcu::NumaAllocator<RCUTest::TestObject*> >::rebind_alloc<RCUTest::TestObject*>’} is not derived from ‘const std::move_iterator<_IteratorL>’
 1828 |         if (__x._M_get_Tp_allocator() == this->_M_get_Tp_allocator())
      |             ~~~~~~~~~~~~~~~~~~~~~~~~~~^~~~~~~~~~~~~~~~~~~~~~~~~~~~~~
In file included from /usr/include/c++/11/memory:64,
                 from /home/ubuntu/.conan2/p/b/gtestcb47be3c6b389/p/include/gtest/gtest.h:55,
                 from /home/ubuntu/rcu/test/test_rcu_protected.cpp:1:
/usr/include/c++/11/bits/allocator.h:218:5: note: candidate: ‘template<class _T1, class _T2> constexpr bool std::operator==(const std::allocator<_Up>&, const std::allocator<_T2>&)’ (reversed)
  218 |     operator==(const allocator<_T1>&, const allocator<_T2>&)
      |     ^~~~~~~~
/usr/include/c++/11/bits/allocator.h:218:5: note:   template argument deduction/substitution failed:
In file included from /usr/include/c++/11/vector:67,
                 from /home/ubuntu/.conan2/p/b/gtestcb47be3c6b389/p/include/gtest/gtest.h:61,
                 from /home/ubuntu/rcu/test/test_rcu_protected.cpp:1:
/usr/include/c++/11/bits/stl_vector.h:1828:39: note:   ‘std::_Vector_base<RCUTest::TestObject*, wbrcu::NumaAllocator<RCUTest::TestObject*> >::_Tp_alloc_type’ {aka ‘std::allocator_traits<wbrcu::NumaAllocator<RCUTest::TestObject*> >::rebind_alloc<RCUTest::TestObject*>’} is not derived from ‘const std::allocator<_Up>’
 1828 |         if (__x._M_get_Tp_allocator() == this->_M_get_Tp_allocator())
      |             ~~~~~~~~~~~~~~~~~~~~~~~~~~^~~~~~~~~~~~~~~~~~~~~~~~~~~~~~
In file included from /usr/include/c++/11/bits/unique_ptr.h:37,
                 from /usr/include/c++/11/memory:76,
                 from /home/ubuntu/.conan2/p/b/gtestcb47be3c6b389/p/include/gtest/gtest.h:55,
                 from /home/ubuntu/rcu/test/test_rcu_protected.cpp:1:
/usr/include/c++/11/tuple:1524:5: note: candidate: ‘template<class ... _TElements, class ... _UElements> constexpr bool std::operator==(const std::tuple<_Tps ...>&, const std::tuple<_UTypes ...>&)’ (reversed)
 1524 |     operator==(const tuple<_TElements...>& __t,
      |     ^~~~~~~~
/usr/include/c++/11/tuple:1524:5: note:   template argument deduction/substitution failed:
In file included from /usr/include/c++/11/vector:67,
                 from /home/ubuntu/.conan2/p/b/gtestcb47be3c6b389/p/include/gtest/gtest.h:61,
                 from /home/ubuntu/rcu/test/test_rcu_protected.cpp:1:
/usr/include/c++/11/bits/stl_vector.h:1828:39: note:   ‘std::_Vector_base<RCUTest::TestObject*, wbrcu::NumaAllocator<RCUTest::TestObject*> >::_Tp_alloc_type’ {aka ‘std::allocator_traits<wbrcu::NumaAllocator<RCUTest::TestObject*> >::rebind_alloc<RCUTest::TestObject*>’} is not derived from ‘const std::tuple<_Tps ...>’
 1828 |         if (__x._M_get_Tp_allocator() == this->_M_get_Tp_allocator())
      |             ~~~~~~~~~~~~~~~~~~~~~~~~~~^~~~~~~~~~~~~~~~~~~~~~~~~~~~~~
In file included from /usr/include/c++/11/bits/basic_string.h:48,
                 from /usr/include/c++/11/string:55,
                 from /usr/include/c++/11/bits/locale_classes.h:40,
                 from /usr/include/c++/11/bits/ios_base.h:41,
                 from /usr/include/c++/11/ios:42,
                 from /usr/include/c++/11/ostream:38,
                 from /usr/include/c++/11/bits/unique_ptr.h:42,
                 from /usr/include/c++/11/memory:76,
                 from /home/ubuntu/.conan2/p/b/gtestcb47be3c6b389/p/include/gtest/gtest.h:55,
                 from /home/ubuntu/rcu/test/test_rcu_protected.cpp:1:
/usr/include/c++/11/string_view:541:5: note: candidate: ‘template<class _CharT, class _Traits> constexpr bool std::operator==(std::basic_string_view<_CharT, _Traits>, std::__type_identity_t<std::basic_string_view<_CharT, _Traits> >)’ (reversed)
  541 |     operator==(basic_string_view<_CharT, _Traits> __x,
      |     ^~~~~~~~
/usr/include/c++/11/string_view:541:5: note:   template argument deduction/substitution failed:
In file included from /usr/include/c++/11/vector:67,
                 from /home/ubuntu/.conan2/p/b/gtestcb47be3c6b389/p/include/gtest/gtest.h:61,
                 from /home/ubuntu/rcu/test/test_rcu_protected.cpp:1:
/usr/include/c++/11/bits/stl_vector.h:1828:39: note:   ‘wbrcu::NumaAllocator<RCUTest::TestObject*>’ is not derived from ‘std::basic_string_view<_CharT, _Traits>’
 1828 |         if (__x._M_get_Tp_allocator() == this->_M_get_Tp_allocator())
      |             ~~~~~~~~~~~~~~~~~~~~~~~~~~^~~~~~~~~~~~~~~~~~~~~~~~~~~~~~
In file included from /usr/include/c++/11/string:55,
                 from /usr/include/c++/11/bits/locale_classes.h:40,
                 from /usr/include/c++/11/bits/ios_base.h:41,
                 from /usr/include/c++/11/ios:42,
                 from /usr/include/c++/11/ostream:38,
                 from /usr/include/c++/11/bits/unique_ptr.h:42,
                 from /usr/include/c++/11/memory:76,
                 from /home/ubuntu/.conan2/p/b/gtestcb47be3c6b389/p/include/gtest/gtest.h:55,
                 from /home/ubuntu/rcu/test/test_rcu_protected.cpp:1:
/usr/include/c++/11/bits/basic_string.h:6248:5: note: candidate: ‘template<class _CharT, class _Traits, class _Alloc> bool std::operator==(const std::__cxx11::basic_string<_CharT, _Traits, _Allocator>&, const _CharT*)’ (reversed)
 6248 |     operator==(const basic_string<_CharT, _Traits, _Alloc>& __lhs,
      |     ^~~~~~~~
/usr/include/c++/11/bits/basic_string.h:6248:5: note:   template argument deduction/substitution failed:
In file included from /usr/include/c++/11/vector:67,
                 from /home/ubuntu/.conan2/p/b/gtestcb47be3c6b389/p/include/gtest/gtest.h:61,
                 from /home/ubuntu/rcu/test/test_rcu_protected.cpp:1:
/usr/include/c++/11/bits/stl_vector.h:1828:39: note:   ‘std::_Vector_base<RCUTest::TestObject*, wbrcu::NumaAllocator<RCUTest::TestObject*> >::_Tp_alloc_type’ {aka ‘std::allocator_traits<wbrcu::NumaAllocator<RCUTest::TestObject*> >::rebind_alloc<RCUTest::TestObject*>’} is not derived from ‘const std::__cxx11::basic_string<_CharT, _Traits, _Allocator>’
 1828 |         if (__x._M_get_Tp_allocator() == this->_M_get_Tp_allocator())
      |             ~~~~~~~~~~~~~~~~~~~~~~~~~~^~~~~~~~~~~~~~~~~~~~~~~~~~~~~~
In file included from /usr/include/c++/11/memory:76,
                 from /home/ubuntu/.conan2/p/b/gtestcb47be3c6b389/p/include/gtest/gtest.h:55,
                 from /home/ubuntu/rcu/test/test_rcu_protected.cpp:1:
/usr/include/c++/11/bits/unique_ptr.h:753:5: note: candidate: ‘template<class _Tp, class _Dp, class _Up, class _Ep> bool std::operator==(const std::unique_ptr<_Tp, _Dp>&, const std::unique_ptr<_Up, _Ep>&)’ (reversed)
  753 |     operator==(const unique_ptr<_Tp, _Dp>& __x,
      |     ^~~~~~~~
/usr/include/c++/11/bits/unique_ptr.h:753:5: note:   template argument deduction/substitution failed:
In file included from /usr/include/c++/11/vector:67,
                 from /home/ubuntu/.conan2/p/b/gtestcb47be3c6b389/p/include/gtest/gtest.h:61,
                 from /home/ubuntu/rcu/test/test_rcu_protected.cpp:1:
/usr/include/c++/11/bits/stl_vector.h:1828:39: note:   ‘std::_Vector_base<RCUTest::TestObject*, wbrcu::NumaAllocator<RCUTest::TestObject*> >::_Tp_alloc_type’ {aka ‘std::allocator_traits<wbrcu::NumaAllocator<RCUTest::TestObject*> >::rebind_alloc<RCUTest::TestObject*>’} is not derived from ‘const std::unique_ptr<_Tp, _Dp>’
 1828 |         if (__x._M_get_Tp_allocator() == this->_M_get_Tp_allocator())
      |             ~~~~~~~~~~~~~~~~~~~~~~~~~~^~~~~~~~~~~~~~~~~~~~~~~~~~~~~~
In file included from /usr/include/c++/11/memory:76,
                 from /home/ubuntu/.conan2/p/b/gtestcb47be3c6b389/p/include/gtest/gtest.h:55,
                 from /home/ubuntu/rcu/test/test_rcu_protected.cpp:1:
/usr/include/c++/11/bits/unique_ptr.h:760:5: note: candidate: ‘template<class _Tp, class _Dp> bool std::operator==(const std::unique_ptr<_Tp, _Dp>&, std::nullptr_t)’ (reversed)
  760 |     operator==(const unique_ptr<_Tp, _Dp>& __x, nullptr_t) noexcept
      |     ^~~~~~~~
/usr/include/c++/11/bits/unique_ptr.h:760:5: note:   template argument deduction/substitution failed:
In file included from /usr/include/c++/11/vector:67,
                 from /home/ubuntu/.conan2/p/b/gtestcb47be3c6b389/p/include/gtest/gtest.h:61,
                 from /home/ubuntu/rcu/test/test_rcu_protected.cpp:1:
/usr/include/c++/11/bits/stl_vector.h:1828:39: note:   ‘std::_Vector_base<RCUTest::TestObject*, wbrcu::NumaAllocator<RCUTest::TestObject*> >::_Tp_alloc_type’ {aka ‘std::allocator_traits<wbrcu::NumaAllocator<RCUTest::TestObject*> >::rebind_alloc<RCUTest::TestObject*>’} is not derived from ‘const std::unique_ptr<_Tp, _Dp>’
 1828 |         if (__x._M_get_Tp_allocator() == this->_M_get_Tp_allocator())
      |             ~~~~~~~~~~~~~~~~~~~~~~~~~~^~~~~~~~~~~~~~~~~~~~~~~~~~~~~~
In file included from /usr/include/c++/11/bits/shared_ptr.h:53,
                 from /usr/include/c++/11/memory:77,
                 from /home/ubuntu/.conan2/p/b/gtestcb47be3c6b389/p/include/gtest/gtest.h:55,
                 from /home/ubuntu/rcu/test/test_rcu_protected.cpp:1:
/usr/include/c++/11/bits/shared_ptr_base.h:1410:5: note: candidate: ‘template<class _Tp1, class _Tp2, __gnu_cxx::_Lock_policy _Lp> bool std::operator==(const std::__shared_ptr<_Tp1, _Lp>&, const std::__shared_ptr<_Tp2, _Lp>&)’ (reversed)
 1410 |     operator==(const __shared_ptr<_Tp1, _Lp>& __a,
      |     ^~~~~~~~
/usr/include/c++/11/bits/shared_ptr_base.h:1410:5: note:   template argument deduction/substitution failed:
In file included from /usr/include/c++/11/vector:67,
                 from /home/ubuntu/.conan2/p/b/gtestcb47be3c6b389/p/include/gtest/gtest.h:61,
                 from /home/ubuntu/rcu/test/test_rcu_protected.cpp:1:
/usr/include/c++/11/bits/stl_vector.h:1828:39: note:   ‘std::_Vector_base<RCUTest::TestObject*, wbrcu::NumaAllocator<RCUTest::TestObject*> >::_Tp_alloc_type’ {aka ‘std::allocator_traits<wbrcu::NumaAllocator<RCUTest::TestObject*> >::rebind_alloc<RCUTest::TestObject*>’} is not derived from ‘const std::__shared_ptr<_Tp1, _Lp>’
 1828 |         if (__x._M_get_Tp_allocator() == this->_M_get_Tp_allocator())
      |             ~~~~~~~~~~~~~~~~~~~~~~~~~~^~~~~~~~~~~~~~~~~~~~~~~~~~~~~~
In file included from /usr/include/c++/11/bits/shared_ptr.h:53,
                 from /usr/include/c++/11/memory:77,
                 from /home/ubuntu/.conan2/p/b/gtestcb47be3c6b389/p/include/gtest/gtest.h:55,
                 from /home/ubuntu/rcu/test/test_rcu_protected.cpp:1:
/usr/include/c++/11/bits/shared_ptr_base.h:1416:5: note: candidate: ‘template<class _Tp, __gnu_cxx::_Lock_policy _Lp> bool std::operator==(const std::__shared_ptr<_Tp, _Lp>&, std::nullptr_t)’ (reversed)
 1416 |     operator==(const __shared_ptr<_Tp, _Lp>& __a, nullptr_t) noexcept
      |     ^~~~~~~~
/usr/include/c++/11/bits/shared_ptr_base.h:1416:5: note:   template argument deduction/substitution failed:
In file included from /usr/include/c++/11/vector:67,
                 from /home/ubuntu/.conan2/p/b/gtestcb47be3c6b389/p/include/gtest/gtest.h:61,
                 from /home/ubuntu/rcu/test/test_rcu_protected.cpp:1:
/usr/include/c++/11/bits/stl_vector.h:1828:39: note:   ‘std::_Vector_base<RCUTest::TestObject*, wbrcu::NumaAllocator<RCUTest::TestObject*> >::_Tp_alloc_type’ {aka ‘std::allocator_traits<wbrcu::NumaAllocator<RCUTest::TestObject*> >::rebind_alloc<RCUTest::TestObject*>’} is not derived from ‘const std::__shared_ptr<_Tp, _Lp>’
 1828 |         if (__x._M_get_Tp_allocator() == this->_M_get_Tp_allocator())
      |             ~~~~~~~~~~~~~~~~~~~~~~~~~~^~~~~~~~~~~~~~~~~~~~~~~~~~~~~~
In file included from /usr/include/c++/11/memory:77,
                 from /home/ubuntu/.conan2/p/b/gtestcb47be3c6b389/p/include/gtest/gtest.h:55,
                 from /home/ubuntu/rcu/test/test_rcu_protected.cpp:1:
/usr/include/c++/11/bits/shared_ptr.h:437:5: note: candidate: ‘template<class _Tp, class _Up> bool std::operator==(const std::shared_ptr<_Tp>&, const std::shared_ptr<_Tp>&)’ (reversed)
  437 |     operator==(const shared_ptr<_Tp>& __a, const shared_ptr<_Up>& __b) noexcept
      |     ^~~~~~~~
/usr/include/c++/11/bits/shared_ptr.h:437:5: note:   template argument deduction/substitution failed:
In file included from /usr/include/c++/11/vector:67,
                 from /home/ubuntu/.conan2/p/b/gtestcb47be3c6b389/p/include/gtest/gtest.h:61,
                 from /home/ubuntu/rcu/test/test_rcu_protected.cpp:1:
/usr/include/c++/11/bits/stl_vector.h:1828:39: note:   ‘std::_Vector_base<RCUTest::TestObject*, wbrcu::NumaAllocator<RCUTest::TestObject*> >::_Tp_alloc_type’ {aka ‘std::allocator_traits<wbrcu::NumaAllocator<RCUTest::TestObject*> >::rebind_alloc<RCUTest::TestObject*>’} is not derived from ‘const std::shared_ptr<_Tp>’
 1828 |         if (__x._M_get_Tp_allocator() == this->_M_get_Tp_allocator())
      |             ~~~~~~~~~~~~~~~~~~~~~~~~~~^~~~~~~~~~~~~~~~~~~~~~~~~~~~~~
In file included from /usr/include/c++/11/memory:77,
                 from /home/ubuntu/.conan2/p/b/gtestcb47be3c6b389/p/include/gtest/gtest.h:55,
                 from /home/ubuntu/rcu/test/test_rcu_protected.cpp:1:
/usr/include/c++/11/bits/shared_ptr.h:443:5: note: candidate: ‘template<class _Tp> bool std::operator==(const std::shared_ptr<_Tp>&, std::nullptr_t)’ (reversed)
  443 |     operator==(const shared_ptr<_Tp>& __a, nullptr_t) noexcept
      |     ^~~~~~~~
/usr/include/c++/11/bits/shared_ptr.h:443:5: note:   template argument deduction/substitution failed:
In file included from /usr/include/c++/11/vector:67,
                 from /home/ubuntu/.conan2/p/b/gtestcb47be3c6b389/p/include/gtest/gtest.h:61,
                 from /home/ubuntu/rcu/test/test_rcu_protected.cpp:1:
/usr/include/c++/11/bits/stl_vector.h:1828:39: note:   ‘std::_Vector_base<RCUTest::TestObject*, wbrcu::NumaAllocator<RCUTest::TestObject*> >::_Tp_alloc_type’ {aka ‘std::allocator_traits<wbrcu::NumaAllocator<RCUTest::TestObject*> >::rebind_alloc<RCUTest::TestObject*>’} is not derived from ‘const std::shared_ptr<_Tp>’
 1828 |         if (__x._M_get_Tp_allocator() == this->_M_get_Tp_allocator())
      |             ~~~~~~~~~~~~~~~~~~~~~~~~~~^~~~~~~~~~~~~~~~~~~~~~~~~~~~~~
In file included from /home/ubuntu/.conan2/p/b/gtestcb47be3c6b389/p/include/gtest/internal/gtest-port.h:2440,
                 from /home/ubuntu/.conan2/p/b/gtestcb47be3c6b389/p/include/gtest/gtest-message.h:57,
                 from /home/ubuntu/.conan2/p/b/gtestcb47be3c6b389/p/include/gtest/gtest-assertion-result.h:46,
                 from /home/ubuntu/.conan2/p/b/gtestcb47be3c6b389/p/include/gtest/gtest.h:63,
                 from /home/ubuntu/rcu/test/test_rcu_protected.cpp:1:
/usr/include/c++/11/optional:1045:5: note: candidate: ‘template<class _Tp, class _Up> constexpr std::__optional_eq_t<_Tp, _Up> std::operator==(const std::optional<_Tp>&, const std::optional<_Up>&)’ (reversed)
 1045 |     operator==(const optional<_Tp>& __lhs, const optional<_Up>& __rhs)
      |     ^~~~~~~~
/usr/include/c++/11/optional:1045:5: note:   template argument deduction/substitution failed:
In file included from /usr/include/c++/11/vector:67,
                 from /home/ubuntu/.conan2/p/b/gtestcb47be3c6b389/p/include/gtest/gtest.h:61,
                 from /home/ubuntu/rcu/test/test_rcu_protected.cpp:1:
/usr/include/c++/11/bits/stl_vector.h:1828:39: note:   ‘std::_Vector_base<RCUTest::TestObject*, wbrcu::NumaAllocator<RCUTest::TestObject*> >::_Tp_alloc_type’ {aka ‘std::allocator_traits<wbrcu::NumaAllocator<RCUTest::TestObject*> >::rebind_alloc<RCUTest::TestObject*>’} is not derived from ‘const std::optional<_Tp>’
 1828 |         if (__x._M_get_Tp_allocator() == this->_M_get_Tp_allocator())
      |             ~~~~~~~~~~~~~~~~~~~~~~~~~~^~~~~~~~~~~~~~~~~~~~~~~~~~~~~~
In file included from /home/ubuntu/.conan2/p/b/gtestcb47be3c6b389/p/include/gtest/internal/gtest-port.h:2440,
                 from /home/ubuntu/.conan2/p/b/gtestcb47be3c6b389/p/include/gtest/gtest-message.h:57,
                 from /home/ubuntu/.conan2/p/b/gtestcb47be3c6b389/p/include/gtest/gtest-assertion-result.h:46,
                 from /home/ubuntu/.conan2/p/b/gtestcb47be3c6b389/p/include/gtest/gtest.h:63,
                 from /home/ubuntu/rcu/test/test_rcu_protected.cpp:1:
/usr/include/c++/11/optional:1105:5: note: candidate: ‘template<class _Tp> constexpr bool std::operator==(const std::optional<_Tp>&, std::nullopt_t)’ (reversed)
 1105 |     operator==(const optional<_Tp>& __lhs, nullopt_t) noexcept
      |     ^~~~~~~~
/usr/include/c++/11/optional:1105:5: note:   template argument deduction/substitution failed:
In file included from /usr/include/c++/11/vector:67,
                 from /home/ubuntu/.conan2/p/b/gtestcb47be3c6b389/p/include/gtest/gtest.h:61,
                 from /home/ubuntu/rcu/test/test_rcu_protected.cpp:1:
/usr/include/c++/11/bits/stl_vector.h:1828:39: note:   ‘std::_Vector_base<RCUTest::TestObject*, wbrcu::NumaAllocator<RCUTest::TestObject*> >::_Tp_alloc_type’ {aka ‘std::allocator_traits<wbrcu::NumaAllocator<RCUTest::TestObject*> >::rebind_alloc<RCUTest::TestObject*>’} is not derived from ‘const std::optional<_Tp>’
 1828 |         if (__x._M_get_Tp_allocator() == this->_M_get_Tp_allocator())
      |             ~~~~~~~~~~~~~~~~~~~~~~~~~~^~~~~~~~~~~~~~~~~~~~~~~~~~~~~~
In file included from /home/ubuntu/.conan2/p/b/gtestcb47be3c6b389/p/include/gtest/internal/gtest-port.h:2440,
                 from /home/ubuntu/.conan2/p/b/gtestcb47be3c6b389/p/include/gtest/gtest-message.h:57,
                 from /home/ubuntu/.conan2/p/b/gtestcb47be3c6b389/p/include/gtest/gtest-assertion-result.h:46,
                 from /home/ubuntu/.conan2/p/b/gtestcb47be3c6b389/p/include/gtest/gtest.h:63,
                 from /home/ubuntu/rcu/test/test_rcu_protected.cpp:1:
/usr/include/c++/11/optional:1173:5: note: candidate: ‘template<class _Tp, class _Up> constexpr std::__optional_eq_t<_Tp, _Up> std::operator==(const std::optional<_Tp>&, const _Up&)’ (reversed)
 1173 |     operator==(const optional<_Tp>& __lhs, const _Up& __rhs)
      |     ^~~~~~~~
/usr/include/c++/11/optional:1173:5: note:   template argument deduction/substitution failed:
In file included from /usr/include/c++/11/vector:67,
                 from /home/ubuntu/.conan2/p/b/gtestcb47be3c6b389/p/include/gtest/gtest.h:61,
                 from /home/ubuntu/rcu/test/test_rcu_protected.cpp:1:
/usr/include/c++/11/bits/stl_vector.h:1828:39: note:   ‘std::_Vector_base<RCUTest::TestObject*, wbrcu::NumaAllocator<RCUTest::TestObject*> >::_Tp_alloc_type’ {aka ‘std::allocator_traits<wbrcu::NumaAllocator<RCUTest::TestObject*> >::rebind_alloc<RCUTest::TestObject*>’} is not derived from ‘const std::optional<_Tp>’
 1828 |         if (__x._M_get_Tp_allocator() == this->_M_get_Tp_allocator())
      |             ~~~~~~~~~~~~~~~~~~~~~~~~~~^~~~~~~~~~~~~~~~~~~~~~~~~~~~~~
In file included from /home/ubuntu/.conan2/p/b/gtestcb47be3c6b389/p/include/gtest/internal/gtest-port.h:2440,
                 from /home/ubuntu/.conan2/p/b/gtestcb47be3c6b389/p/include/gtest/gtest-message.h:57,
                 from /home/ubuntu/.conan2/p/b/gtestcb47be3c6b389/p/include/gtest/gtest-assertion-result.h:46,
                 from /home/ubuntu/.conan2/p/b/gtestcb47be3c6b389/p/include/gtest/gtest.h:63,
                 from /home/ubuntu/rcu/test/test_rcu_protected.cpp:1:
/usr/include/c++/11/optional:1179:5: note: candidate: ‘template<class _Tp, class _Up> constexpr std::__optional_eq_t<_Up, _Tp> std::operator==(const _Up&, const std::optional<_Tp>&)’ (reversed)
 1179 |     operator==(const _Up& __lhs, const optional<_Tp>& __rhs)
      |     ^~~~~~~~
/usr/include/c++/11/optional:1179:5: note:   template argument deduction/substitution failed:
In file included from /usr/include/c++/11/vector:67,
                 from /home/ubuntu/.conan2/p/b/gtestcb47be3c6b389/p/include/gtest/gtest.h:61,
                 from /home/ubuntu/rcu/test/test_rcu_protected.cpp:1:
/usr/include/c++/11/bits/stl_vector.h:1828:39: note:   ‘std::_Vector_base<RCUTest::TestObject*, wbrcu::NumaAllocator<RCUTest::TestObject*> >::_Tp_alloc_type’ {aka ‘std::allocator_traits<wbrcu::NumaAllocator<RCUTest::TestObject*> >::rebind_alloc<RCUTest::TestObject*>’} is not derived from ‘const std::optional<_Tp>’
 1828 |         if (__x._M_get_Tp_allocator() == this->_M_get_Tp_allocator())
      |             ~~~~~~~~~~~~~~~~~~~~~~~~~~^~~~~~~~~~~~~~~~~~~~~~~~~~~~~~
In file included from /usr/include/c++/11/functional:59,
                 from /home/ubuntu/.conan2/p/b/gtestcb47be3c6b389/p/include/gtest/gtest-matchers.h:43,
                 from /home/ubuntu/.conan2/p/b/gtestcb47be3c6b389/p/include/gtest/internal/gtest-death-test-internal.h:47,
                 from /home/ubuntu/.conan2/p/b/gtestcb47be3c6b389/p/include/gtest/gtest-death-test.h:43,
                 from /home/ubuntu/.conan2/p/b/gtestcb47be3c6b389/p/include/gtest/gtest.h:64,
                 from /home/ubuntu/rcu/test/test_rcu_protected.cpp:1:
/usr/include/c++/11/bits/std_function.h:718:5: note: candidate: ‘template<class _Res, class ... _Args> bool std::operator==(const std::function<_Res(_ArgTypes ...)>&, std::nullptr_t)’ (reversed)
  718 |     operator==(const function<_Res(_Args...)>& __f, nullptr_t) noexcept
      |     ^~~~~~~~
/usr/include/c++/11/bits/std_function.h:718:5: note:   template argument deduction/substitution failed:
In file included from /usr/include/c++/11/vector:67,
                 from /home/ubuntu/.conan2/p/b/gtestcb47be3c6b389/p/include/gtest/gtest.h:61,
                 from /home/ubuntu/rcu/test/test_rcu_protected.cpp:1:
/usr/include/c++/11/bits/stl_vector.h:1828:39: note:   ‘std::_Vector_base<RCUTest::TestObject*, wbrcu::NumaAllocator<RCUTest::TestObject*> >::_Tp_alloc_type’ {aka ‘std::allocator_traits<wbrcu::NumaAllocator<RCUTest::TestObject*> >::rebind_alloc<RCUTest::TestObject*>’} is not derived from ‘const std::function<_Res(_ArgTypes ...)>’
 1828 |         if (__x._M_get_Tp_allocator() == this->_M_get_Tp_allocator())
      |             ~~~~~~~~~~~~~~~~~~~~~~~~~~^~~~~~~~~~~~~~~~~~~~~~~~~~~~~~
In file included from /usr/include/c++/11/bits/ios_base.h:46,
                 from /usr/include/c++/11/ios:42,
                 from /usr/include/c++/11/ostream:38,
                 from /usr/include/c++/11/bits/unique_ptr.h:42,
                 from /usr/include/c++/11/memory:76,
                 from /home/ubuntu/.conan2/p/b/gtestcb47be3c6b389/p/include/gtest/gtest.h:55,
                 from /home/ubuntu/rcu/test/test_rcu_protected.cpp:1:
/usr/include/c++/11/system_error:368:3: note: candidate: ‘bool std::operator==(const std::error_code&, const std::error_condition&)’ (reversed)
  368 |   operator==(const error_code& __lhs, const error_condition& __rhs) noexcept
      |   ^~~~~~~~
/usr/include/c++/11/system_error:368:32: note:   no known conversion for argument 1 from ‘std::_Vector_base<RCUTest::TestObject*, wbrcu::NumaAllocator<RCUTest::TestObject*> >::_Tp_alloc_type’ {aka ‘std::allocator_traits<wbrcu::NumaAllocator<RCUTest::TestObject*> >::rebind_alloc<RCUTest::TestObject*>’} to ‘const std::error_code&’
  368 |   operator==(const error_code& __lhs, const error_condition& __rhs) noexcept
      |              ~~~~~~~~~~~~~~~~~~^~~~~
In file included from /usr/include/c++/11/bits/stl_algobase.h:64,
                 from /usr/include/c++/11/memory:63,
                 from /home/ubuntu/.conan2/p/b/gtestcb47be3c6b389/p/include/gtest/gtest.h:55,
                 from /home/ubuntu/rcu/test/test_rcu_protected.cpp:1:
/usr/include/c++/11/bits/stl_pair.h:466:5: note: candidate: ‘template<class _T1, class _T2> constexpr bool std::operator==(const std::pair<_T1, _T2>&, const std::pair<_T1, _T2>&)’
  466 |     operator==(const pair<_T1, _T2>& __x, const pair<_T1, _T2>& __y)
      |     ^~~~~~~~
/usr/include/c++/11/bits/stl_pair.h:466:5: note:   template argument deduction/substitution failed:
In file included from /usr/include/c++/11/vector:67,
                 from /home/ubuntu/.conan2/p/b/gtestcb47be3c6b389/p/include/gtest/gtest.h:61,
                 from /home/ubuntu/rcu/test/test_rcu_protected.cpp:1:
/usr/include/c++/11/bits/stl_vector.h:1828:39: note:   ‘std::_Vector_base<RCUTest::TestObject*, wbrcu::NumaAllocator<RCUTest::TestObject*> >::_Tp_alloc_type’ {aka ‘std::allocator_traits<wbrcu::NumaAllocator<RCUTest::TestObject*> >::rebind_alloc<RCUTest::TestObject*>’} is not derived from ‘const std::pair<_T1, _T2>’
 1828 |         if (__x._M_get_Tp_allocator() == this->_M_get_Tp_allocator())
      |             ~~~~~~~~~~~~~~~~~~~~~~~~~~^~~~~~~~~~~~~~~~~~~~~~~~~~~~~~
In file included from /usr/include/c++/11/bits/stl_algobase.h:67,
                 from /usr/include/c++/11/memory:63,
                 from /home/ubuntu/.conan2/p/b/gtestcb47be3c6b389/p/include/gtest/gtest.h:55,
                 from /home/ubuntu/rcu/test/test_rcu_protected.cpp:1:
/usr/include/c++/11/bits/stl_iterator.h:547:5: note: candidate: ‘template<class _Iterator> constexpr bool std::operator==(const std::reverse_iterator<_IteratorL>&, const std::reverse_iterator<_IteratorL>&) requires requires{{std::operator==::__x->base() == std::operator==::__y->base()} -> decltype(auto) [requires std::convertible_to<<placeholder>, bool>];}’
  547 |     operator==(const reverse_iterator<_Iterator>& __x,
      |     ^~~~~~~~
/usr/include/c++/11/bits/stl_iterator.h:547:5: note:   template argument deduction/substitution failed:
In file included from /usr/include/c++/11/vector:67,
                 from /home/ubuntu/.conan2/p/b/gtestcb47be3c6b389/p/include/gtest/gtest.h:61,
                 from /home/ubuntu/rcu/test/test_rcu_protected.cpp:1:
/usr/include/c++/11/bits/stl_vector.h:1828:39: note:   ‘std::_Vector_base<RCUTest::TestObject*, wbrcu::NumaAllocator<RCUTest::TestObject*> >::_Tp_alloc_type’ {aka ‘std::allocator_traits<wbrcu::NumaAllocator<RCUTest::TestObject*> >::rebind_alloc<RCUTest::TestObject*>’} is not derived from ‘const std::reverse_iterator<_IteratorL>’
 1828 |         if (__x._M_get_Tp_allocator() == this->_M_get_Tp_allocator())
      |             ~~~~~~~~~~~~~~~~~~~~~~~~~~^~~~~~~~~~~~~~~~~~~~~~~~~~~~~~
In file included from /usr/include/c++/11/bits/stl_algobase.h:67,
                 from /usr/include/c++/11/memory:63,
                 from /home/ubuntu/.conan2/p/b/gtestcb47be3c6b389/p/include/gtest/gtest.h:55,
                 from /home/ubuntu/rcu/test/test_rcu_protected.cpp:1:
/usr/include/c++/11/bits/stl_iterator.h:1648:5: note: candidate: ‘template<class _Iterator> constexpr bool std::operator==(const std::move_iterator<_IteratorL>&, const std::move_iterator<_IteratorL>&)’
 1648 |     operator==(const move_iterator<_Iterator>& __x,
      |     ^~~~~~~~
/usr/include/c++/11/bits/stl_iterator.h:1648:5: note:   template argument deduction/substitution failed:
In file included from /usr/include/c++/11/vector:67,
                 from /home/ubuntu/.conan2/p/b/gtestcb47be3c6b389/p/include/gtest/gtest.h:61,
                 from /home/ubuntu/rcu/test/test_rcu_protected.cpp:1:
/usr/include/c++/11/bits/stl_vector.h:1828:39: note:   ‘std::_Vector_base<RCUTest::TestObject*, wbrcu::NumaAllocator<RCUTest::TestObject*> >::_Tp_alloc_type’ {aka ‘std::allocator_traits<wbrcu::NumaAllocator<RCUTest::TestObject*> >::rebind_alloc<RCUTest::TestObject*>’} is not derived from ‘const std::move_iterator<_IteratorL>’
 1828 |         if (__x._M_get_Tp_allocator() == this->_M_get_Tp_allocator())
      |             ~~~~~~~~~~~~~~~~~~~~~~~~~~^~~~~~~~~~~~~~~~~~~~~~~~~~~~~~
In file included from /usr/include/c++/11/tuple:39,
                 from /usr/include/c++/11/bits/unique_ptr.h:37,
                 from /usr/include/c++/11/memory:76,
                 from /home/ubuntu/.conan2/p/b/gtestcb47be3c6b389/p/include/gtest/gtest.h:55,
                 from /home/ubuntu/rcu/test/test_rcu_protected.cpp:1:
/usr/include/c++/11/array:276:5: note: candidate: ‘template<class _Tp, long unsigned int _Nm> constexpr bool std::operator==(const std::array<_Tp, _Nm>&, const std::array<_Tp, _Nm>&)’
  276 |     operator==(const array<_Tp, _Nm>& __one, const array<_Tp, _Nm>& __two)
      |     ^~~~~~~~
/usr/include/c++/11/array:276:5: note:   template argument deduction/substitution failed:
In file included from /usr/include/c++/11/vector:67,
                 from /home/ubuntu/.conan2/p/b/gtestcb47be3c6b389/p/include/gtest/gtest.h:61,
                 from /home/ubuntu/rcu/test/test_rcu_protected.cpp:1:
/usr/include/c++/11/bits/stl_vector.h:1828:39: note:   ‘std::_Vector_base<RCUTest::TestObject*, wbrcu::NumaAllocator<RCUTest::TestObject*> >::_Tp_alloc_type’ {aka ‘std::allocator_traits<wbrcu::NumaAllocator<RCUTest::TestObject*> >::rebind_alloc<RCUTest::TestObject*>’} is not derived from ‘const std::array<_Tp, _Nm>’
 1828 |         if (__x._M_get_Tp_allocator() == this->_M_get_Tp_allocator())
      |             ~~~~~~~~~~~~~~~~~~~~~~~~~~^~~~~~~~~~~~~~~~~~~~~~~~~~~~~~
In file included from /usr/include/c++/11/iosfwd:40,
                 from /usr/include/c++/11/ios:38,
                 from /usr/include/c++/11/ostream:38,
                 from /usr/include/c++/11/bits/unique_ptr.h:42,
                 from /usr/include/c++/11/memory:76,
                 from /home/ubuntu/.conan2/p/b/gtestcb47be3c6b389/p/include/gtest/gtest.h:55,
                 from /home/ubuntu/rcu/test/test_rcu_protected.cpp:1:
/usr/include/c++/11/bits/postypes.h:222:5: note: candidate: ‘template<class _StateT> bool std::operator==(const std::fpos<_StateT>&, const std::fpos<_StateT>&)’
  222 |     operator==(const fpos<_StateT>& __lhs, const fpos<_StateT>& __rhs)
      |     ^~~~~~~~
/usr/include/c++/11/bits/postypes.h:222:5: note:   template argument deduction/substitution failed:
In file included from /usr/include/c++/11/vector:67,
                 from /home/ubuntu/.conan2/p/b/gtestcb47be3c6b389/p/include/gtest/gtest.h:61,
                 from /home/ubuntu/rcu/test/test_rcu_protected.cpp:1:
/usr/include/c++/11/bits/stl_vector.h:1828:39: note:   ‘std::_Vector_base<RCUTest::TestObject*, wbrcu::NumaAllocator<RCUTest::TestObject*> >::_Tp_alloc_type’ {aka ‘std::allocator_traits<wbrcu::NumaAllocator<RCUTest::TestObject*> >::rebind_alloc<RCUTest::TestObject*>’} is not derived from ‘const std::fpos<_StateT>’
 1828 |         if (__x._M_get_Tp_allocator() == this->_M_get_Tp_allocator())
      |             ~~~~~~~~~~~~~~~~~~~~~~~~~~^~~~~~~~~~~~~~~~~~~~~~~~~~~~~~
In file included from /usr/include/c++/11/bits/basic_string.h:48,
                 from /usr/include/c++/11/string:55,
                 from /usr/include/c++/11/bits/locale_classes.h:40,
                 from /usr/include/c++/11/bits/ios_base.h:41,
                 from /usr/include/c++/11/ios:42,
                 from /usr/include/c++/11/ostream:38,
                 from /usr/include/c++/11/bits/unique_ptr.h:42,
                 from /usr/include/c++/11/memory:76,
                 from /home/ubuntu/.conan2/p/b/gtestcb47be3c6b389/p/include/gtest/gtest.h:55,
                 from /home/ubuntu/rcu/test/test_rcu_protected.cpp:1:
/usr/include/c++/11/string_view:535:5: note: candidate: ‘template<class _CharT, class _Traits> constexpr bool std::operator==(std::basic_string_view<_CharT, _Traits>, std::basic_string_view<_CharT, _Traits>)’
  535 |     operator==(basic_string_view<_CharT, _Traits> __x,
      |     ^~~~~~~~
/usr/include/c++/11/string_view:535:5: note:   template argument deduction/substitution failed:
In file included from /usr/include/c++/11/vector:67,
                 from /home/ubuntu/.conan2/p/b/gtestcb47be3c6b389/p/include/gtest/gtest.h:61,
                 from /home/ubuntu/rcu/test/test_rcu_protected.cpp:1:
/usr/include/c++/11/bits/stl_vector.h:1828:39: note:   ‘wbrcu::NumaAllocator<RCUTest::TestObject*>’ is not derived from ‘std::basic_string_view<_CharT, _Traits>’
 1828 |         if (__x._M_get_Tp_allocator() == this->_M_get_Tp_allocator())
      |             ~~~~~~~~~~~~~~~~~~~~~~~~~~^~~~~~~~~~~~~~~~~~~~~~~~~~~~~~
In file included from /usr/include/c++/11/string:55,
                 from /usr/include/c++/11/bits/locale_classes.h:40,
                 from /usr/include/c++/11/bits/ios_base.h:41,
                 from /usr/include/c++/11/ios:42,
                 from /usr/include/c++/11/ostream:38,
                 from /usr/include/c++/11/bits/unique_ptr.h:42,
                 from /usr/include/c++/11/memory:76,
                 from /home/ubuntu/.conan2/p/b/gtestcb47be3c6b389/p/include/gtest/gtest.h:55,
                 from /home/ubuntu/rcu/test/test_rcu_protected.cpp:1:
/usr/include/c++/11/bits/basic_string.h:6226:5: note: candidate: ‘template<class _CharT, class _Traits, class _Alloc> bool std::operator==(const std::__cxx11::basic_string<_CharT, _Traits, _Allocator>&, const std::__cxx11::basic_string<_CharT, _Traits, _Allocator>&)’
 6226 |     operator==(const basic_string<_CharT, _Traits, _Alloc>& __lhs,
      |     ^~~~~~~~
/usr/include/c++/11/bits/basic_string.h:6226:5: note:   template argument deduction/substitution failed:
In file included from /usr/include/c++/11/vector:67,
                 from /home/ubuntu/.conan2/p/b/gtestcb47be3c6b389/p/include/gtest/gtest.h:61,
                 from /home/ubuntu/rcu/test/test_rcu_protected.cpp:1:
/usr/include/c++/11/bits/stl_vector.h:1828:39: note:   ‘std::_Vector_base<RCUTest::TestObject*, wbrcu::NumaAllocator<RCUTest::TestObject*> >::_Tp_alloc_type’ {aka ‘std::allocator_traits<wbrcu::NumaAllocator<RCUTest::TestObject*> >::rebind_alloc<RCUTest::TestObject*>’} is not derived from ‘const std::__cxx11::basic_string<_CharT, _Traits, _Allocator>’
 1828 |         if (__x._M_get_Tp_allocator() == this->_M_get_Tp_allocator())
      |             ~~~~~~~~~~~~~~~~~~~~~~~~~~^~~~~~~~~~~~~~~~~~~~~~~~~~~~~~
In file included from /usr/include/c++/11/string:55,
                 from /usr/include/c++/11/bits/locale_classes.h:40,
                 from /usr/include/c++/11/bits/ios_base.h:41,
                 from /usr/include/c++/11/ios:42,
                 from /usr/include/c++/11/ostream:38,
                 from /usr/include/c++/11/bits/unique_ptr.h:42,
                 from /usr/include/c++/11/memory:76,
                 from /home/ubuntu/.conan2/p/b/gtestcb47be3c6b389/p/include/gtest/gtest.h:55,
                 from /home/ubuntu/rcu/test/test_rcu_protected.cpp:1:
/usr/include/c++/11/bits/basic_string.h:6234:5: note: candidate: ‘template<class _CharT> typename __gnu_cxx::__enable_if<std::__is_char<_Tp>::__value, bool>::__type std::operator==(const std::__cxx11::basic_string<_CharT>&, const std::__cxx11::basic_string<_CharT>&)’
 6234 |     operator==(const basic_string<_CharT>& __lhs,
      |     ^~~~~~~~
/usr/include/c++/11/bits/basic_string.h:6234:5: note:   template argument deduction/substitution failed:
In file included from /usr/include/c++/11/vector:67,
                 from /home/ubuntu/.conan2/p/b/gtestcb47be3c6b389/p/include/gtest/gtest.h:61,
                 from /home/ubuntu/rcu/test/test_rcu_protected.cpp:1:
/usr/include/c++/11/bits/stl_vector.h:1828:39: note:   ‘std::_Vector_base<RCUTest::TestObject*, wbrcu::NumaAllocator<RCUTest::TestObject*> >::_Tp_alloc_type’ {aka ‘std::allocator_traits<wbrcu::NumaAllocator<RCUTest::TestObject*> >::rebind_alloc<RCUTest::TestObject*>’} is not derived from ‘const std::__cxx11::basic_string<_CharT>’
 1828 |         if (__x._M_get_Tp_allocator() == this->_M_get_Tp_allocator())
      |             ~~~~~~~~~~~~~~~~~~~~~~~~~~^~~~~~~~~~~~~~~~~~~~~~~~~~~~~~
In file included from /usr/include/c++/11/bits/locale_facets.h:48,
                 from /usr/include/c++/11/bits/basic_ios.h:37,
                 from /usr/include/c++/11/ios:44,
                 from /usr/include/c++/11/ostream:38,
                 from /usr/include/c++/11/bits/unique_ptr.h:42,
                 from /usr/include/c++/11/memory:76,
                 from /home/ubuntu/.conan2/p/b/gtestcb47be3c6b389/p/include/gtest/gtest.h:55,
                 from /home/ubuntu/rcu/test/test_rcu_protected.cpp:1:
/usr/include/c++/11/bits/streambuf_iterator.h:226:5: note: candidate: ‘template<class _CharT, class _Traits> bool std::operator==(const std::istreambuf_iterator<_CharT, _Traits>&, const std::istreambuf_iterator<_CharT, _Traits>&)’
  226 |     operator==(const istreambuf_iterator<_CharT, _Traits>& __a,
      |     ^~~~~~~~
/usr/include/c++/11/bits/streambuf_iterator.h:226:5: note:   template argument deduction/substitution failed:
In file included from /usr/include/c++/11/vector:67,
                 from /home/ubuntu/.conan2/p/b/gtestcb47be3c6b389/p/include/gtest/gtest.h:61,
                 from /home/ubuntu/rcu/test/test_rcu_protected.cpp:1:
/usr/include/c++/11/bits/stl_vector.h:1828:39: note:   ‘std::_Vector_base<RCUTest::TestObject*, wbrcu::NumaAllocator<RCUTest::TestObject*> >::_Tp_alloc_type’ {aka ‘std::allocator_traits<wbrcu::NumaAllocator<RCUTest::TestObject*> >::rebind_alloc<RCUTest::TestObject*>’} is not derived from ‘const std::istreambuf_iterator<_CharT, _Traits>’
 1828 |         if (__x._M_get_Tp_allocator() == this->_M_get_Tp_allocator())
      |             ~~~~~~~~~~~~~~~~~~~~~~~~~~^~~~~~~~~~~~~~~~~~~~~~~~~~~~~~
In file included from /usr/include/c++/11/set:61,
                 from /home/ubuntu/.conan2/p/b/gtestcb47be3c6b389/p/include/gtest/gtest.h:57,
                 from /home/ubuntu/rcu/test/test_rcu_protected.cpp:1:
/usr/include/c++/11/bits/stl_set.h:985:5: note: candidate: ‘template<class _Key, class _Compare, class _Alloc> bool std::operator==(const std::set<_Key, _Compare, _Allocator>&, const std::set<_Key, _Compare, _Allocator>&)’
  985 |     operator==(const set<_Key, _Compare, _Alloc>& __x,
      |     ^~~~~~~~
/usr/include/c++/11/bits/stl_set.h:985:5: note:   template argument deduction/substitution failed:
In file included from /usr/include/c++/11/vector:67,
                 from /home/ubuntu/.conan2/p/b/gtestcb47be3c6b389/p/include/gtest/gtest.h:61,
                 from /home/ubuntu/rcu/test/test_rcu_protected.cpp:1:
/usr/include/c++/11/bits/stl_vector.h:1828:39: note:   ‘std::_Vector_base<RCUTest::TestObject*, wbrcu::NumaAllocator<RCUTest::TestObject*> >::_Tp_alloc_type’ {aka ‘std::allocator_traits<wbrcu::NumaAllocator<RCUTest::TestObject*> >::rebind_alloc<RCUTest::TestObject*>’} is not derived from ‘const std::set<_Key, _Compare, _Allocator>’
 1828 |         if (__x._M_get_Tp_allocator() == this->_M_get_Tp_allocator())
      |             ~~~~~~~~~~~~~~~~~~~~~~~~~~^~~~~~~~~~~~~~~~~~~~~~~~~~~~~~
In file included from /usr/include/c++/11/set:62,
                 from /home/ubuntu/.conan2/p/b/gtestcb47be3c6b389/p/include/gtest/gtest.h:57,
                 from /home/ubuntu/rcu/test/test_rcu_protected.cpp:1:
/usr/include/c++/11/bits/stl_multiset.h:971:5: note: candidate: ‘template<class _Key, class _Compare, class _Alloc> bool std::operator==(const std::multiset<_Key, _Compare, _Allocator>&, const std::multiset<_Key, _Compare, _Allocator>&)’
  971 |     operator==(const multiset<_Key, _Compare, _Alloc>& __x,
      |     ^~~~~~~~
/usr/include/c++/11/bits/stl_multiset.h:971:5: note:   template argument deduction/substitution failed:
In file included from /usr/include/c++/11/vector:67,
                 from /home/ubuntu/.conan2/p/b/gtestcb47be3c6b389/p/include/gtest/gtest.h:61,
                 from /home/ubuntu/rcu/test/test_rcu_protected.cpp:1:
/usr/include/c++/11/bits/stl_vector.h:1828:39: note:   ‘std::_Vector_base<RCUTest::TestObject*, wbrcu::NumaAllocator<RCUTest::TestObject*> >::_Tp_alloc_type’ {aka ‘std::allocator_traits<wbrcu::NumaAllocator<RCUTest::TestObject*> >::rebind_alloc<RCUTest::TestObject*>’} is not derived from ‘const std::multiset<_Key, _Compare, _Allocator>’
 1828 |         if (__x._M_get_Tp_allocator() == this->_M_get_Tp_allocator())
      |             ~~~~~~~~~~~~~~~~~~~~~~~~~~^~~~~~~~~~~~~~~~~~~~~~~~~~~~~~
/usr/include/c++/11/bits/stl_vector.h:1892:5: note: candidate: ‘template<class _Tp, class _Alloc> bool std::operator==(const std::vector<_Tp, _Alloc>&, const std::vector<_Tp, _Alloc>&)’
 1892 |     operator==(const vector<_Tp, _Alloc>& __x, const vector<_Tp, _Alloc>& __y)
      |     ^~~~~~~~
/usr/include/c++/11/bits/stl_vector.h:1892:5: note:   template argument deduction/substitution failed:
/usr/include/c++/11/bits/stl_vector.h:1828:39: note:   ‘std::_Vector_base<RCUTest::TestObject*, wbrcu::NumaAllocator<RCUTest::TestObject*> >::_Tp_alloc_type’ {aka ‘std::allocator_traits<wbrcu::NumaAllocator<RCUTest::TestObject*> >::rebind_alloc<RCUTest::TestObject*>’} is not derived from ‘const std::vector<_Tp, _Alloc>’
 1828 |         if (__x._M_get_Tp_allocator() == this->_M_get_Tp_allocator())
      |             ~~~~~~~~~~~~~~~~~~~~~~~~~~^~~~~~~~~~~~~~~~~~~~~~~~~~~~~~
In file included from /home/ubuntu/.conan2/p/b/gtestcb47be3c6b389/p/include/gtest/internal/gtest-port.h:2515,
                 from /home/ubuntu/.conan2/p/b/gtestcb47be3c6b389/p/include/gtest/gtest-message.h:57,
                 from /home/ubuntu/.conan2/p/b/gtestcb47be3c6b389/p/include/gtest/gtest-assertion-result.h:46,
                 from /home/ubuntu/.conan2/p/b/gtestcb47be3c6b389/p/include/gtest/gtest.h:63,
                 from /home/ubuntu/rcu/test/test_rcu_protected.cpp:1:
/usr/include/c++/11/variant:1232:3: note: candidate: ‘template<class ... _Types> constexpr bool std::operator==(const std::variant<_Types ...>&, const std::variant<_Types ...>&)’
 1232 |   _VARIANT_RELATION_FUNCTION_TEMPLATE(==, equal)
      |   ^~~~~~~~~~~~~~~~~~~~~~~~~~~~~~~~~~~
/usr/include/c++/11/variant:1232:3: note:   template argument deduction/substitution failed:
In file included from /usr/include/c++/11/vector:67,
                 from /home/ubuntu/.conan2/p/b/gtestcb47be3c6b389/p/include/gtest/gtest.h:61,
                 from /home/ubuntu/rcu/test/test_rcu_protected.cpp:1:
/usr/include/c++/11/bits/stl_vector.h:1828:39: note:   ‘std::_Vector_base<RCUTest::TestObject*, wbrcu::NumaAllocator<RCUTest::TestObject*> >::_Tp_alloc_type’ {aka ‘std::allocator_traits<wbrcu::NumaAllocator<RCUTest::TestObject*> >::rebind_alloc<RCUTest::TestObject*>’} is not derived from ‘const std::variant<_Types ...>’
 1828 |         if (__x._M_get_Tp_allocator() == this->_M_get_Tp_allocator())
      |             ~~~~~~~~~~~~~~~~~~~~~~~~~~^~~~~~~~~~~~~~~~~~~~~~~~~~~~~~
In file included from /usr/include/c++/11/unordered_map:47,
                 from /usr/include/c++/11/functional:61,
                 from /home/ubuntu/.conan2/p/b/gtestcb47be3c6b389/p/include/gtest/gtest-matchers.h:43,
                 from /home/ubuntu/.conan2/p/b/gtestcb47be3c6b389/p/include/gtest/internal/gtest-death-test-internal.h:47,
                 from /home/ubuntu/.conan2/p/b/gtestcb47be3c6b389/p/include/gtest/gtest-death-test.h:43,
                 from /home/ubuntu/.conan2/p/b/gtestcb47be3c6b389/p/include/gtest/gtest.h:64,
                 from /home/ubuntu/rcu/test/test_rcu_protected.cpp:1:
/usr/include/c++/11/bits/unordered_map.h:2134:5: note: candidate: ‘template<class _Key1, class _Tp1, class _Hash1, class _Pred1, class _Alloc1> bool std::operator==(const std::unordered_map<_Key1, _Tp1, _Hash1, _Pred1, _Alloc1>&, const std::unordered_map<_Key1, _Tp1, _Hash1, _Pred1, _Alloc1>&)’
 2134 |     operator==(const unordered_map<_Key, _Tp, _Hash, _Pred, _Alloc>& __x,
      |     ^~~~~~~~
/usr/include/c++/11/bits/unordered_map.h:2134:5: note:   template argument deduction/substitution failed:
In file included from /usr/include/c++/11/vector:67,
                 from /home/ubuntu/.conan2/p/b/gtestcb47be3c6b389/p/include/gtest/gtest.h:61,
                 from /home/ubuntu/rcu/test/test_rcu_protected.cpp:1:
/usr/include/c++/11/bits/stl_vector.h:1828:39: note:   ‘std::_Vector_base<RCUTest::TestObject*, wbrcu::NumaAllocator<RCUTest::TestObject*> >::_Tp_alloc_type’ {aka ‘std::allocator_traits<wbrcu::NumaAllocator<RCUTest::TestObject*> >::rebind_alloc<RCUTest::TestObject*>’} is not derived from ‘const std::unordered_map<_Key1, _Tp1, _Hash1, _Pred1, _Alloc1>’
 1828 |         if (__x._M_get_Tp_allocator() == this->_M_get_Tp_allocator())
      |             ~~~~~~~~~~~~~~~~~~~~~~~~~~^~~~~~~~~~~~~~~~~~~~~~~~~~~~~~
In file included from /usr/include/c++/11/unordered_map:47,
                 from /usr/include/c++/11/functional:61,
                 from /home/ubuntu/.conan2/p/b/gtestcb47be3c6b389/p/include/gtest/gtest-matchers.h:43,
                 from /home/ubuntu/.conan2/p/b/gtestcb47be3c6b389/p/include/gtest/internal/gtest-death-test-internal.h:47,
                 from /home/ubuntu/.conan2/p/b/gtestcb47be3c6b389/p/include/gtest/gtest-death-test.h:43,
                 from /home/ubuntu/.conan2/p/b/gtestcb47be3c6b389/p/include/gtest/gtest.h:64,
                 from /home/ubuntu/rcu/test/test_rcu_protected.cpp:1:
/usr/include/c++/11/bits/unordered_map.h:2148:5: note: candidate: ‘template<class _Key1, class _Tp1, class _Hash1, class _Pred1, class _Alloc1> bool std::operator==(const std::unordered_multimap<_Key1, _Tp1, _Hash1, _Pred1, _Alloc1>&, const std::unordered_multimap<_Key1, _Tp1, _Hash1, _Pred1, _Alloc1>&)’
 2148 |     operator==(const unordered_multimap<_Key, _Tp, _Hash, _Pred, _Alloc>& __x,
      |     ^~~~~~~~
/usr/include/c++/11/bits/unordered_map.h:2148:5: note:   template argument deduction/substitution failed:
In file included from /usr/include/c++/11/vector:67,
                 from /home/ubuntu/.conan2/p/b/gtestcb47be3c6b389/p/include/gtest/gtest.h:61,
                 from /home/ubuntu/rcu/test/test_rcu_protected.cpp:1:
/usr/include/c++/11/bits/stl_vector.h:1828:39: note:   ‘std::_Vector_base<RCUTest::TestObject*, wbrcu::NumaAllocator<RCUTest::TestObject*> >::_Tp_alloc_type’ {aka ‘std::allocator_traits<wbrcu::NumaAllocator<RCUTest::TestObject*> >::rebind_alloc<RCUTest::TestObject*>’} is not derived from ‘const std::unordered_multimap<_Key1, _Tp1, _Hash1, _Pred1, _Alloc1>’
 1828 |         if (__x._M_get_Tp_allocator() == this->_M_get_Tp_allocator())
      |             ~~~~~~~~~~~~~~~~~~~~~~~~~~^~~~~~~~~~~~~~~~~~~~~~~~~~~~~~
In file included from /usr/include/c++/11/map:61,
                 from /home/ubuntu/.conan2/p/b/gtestcb47be3c6b389/p/include/gtest/internal/gtest-internal.h:62,
                 from /home/ubuntu/.conan2/p/b/gtestcb47be3c6b389/p/include/gtest/gtest-printers.h:122,
                 from /home/ubuntu/.conan2/p/b/gtestcb47be3c6b389/p/include/gtest/gtest-matchers.h:49,
                 from /home/ubuntu/.conan2/p/b/gtestcb47be3c6b389/p/include/gtest/internal/gtest-death-test-internal.h:47,
                 from /home/ubuntu/.conan2/p/b/gtestcb47be3c6b389/p/include/gtest/gtest-death-test.h:43,
                 from /home/ubuntu/.conan2/p/b/gtestcb47be3c6b389/p/include/gtest/gtest.h:64,
                 from /home/ubuntu/rcu/test/test_rcu_protected.cpp:1:
/usr/include/c++/11/bits/stl_map.h:1463:5: note: candidate: ‘template<class _Key, class _Tp, class _Compare, class _Alloc> bool std::operator==(const std::map<_Key, _Tp, _Compare, _Allocator>&, const std::map<_Key, _Tp, _Compare, _Allocator>&)’
 1463 |     operator==(const map<_Key, _Tp, _Compare, _Alloc>& __x,
      |     ^~~~~~~~
/usr/include/c++/11/bits/stl_map.h:1463:5: note:   template argument deduction/substitution failed:
In file included from /usr/include/c++/11/vector:67,
                 from /home/ubuntu/.conan2/p/b/gtestcb47be3c6b389/p/include/gtest/gtest.h:61,
                 from /home/ubuntu/rcu/test/test_rcu_protected.cpp:1:
/usr/include/c++/11/bits/stl_vector.h:1828:39: note:   ‘std::_Vector_base<RCUTest::TestObject*, wbrcu::NumaAllocator<RCUTest::TestObject*> >::_Tp_alloc_type’ {aka ‘std::allocator_traits<wbrcu::NumaAllocator<RCUTest::TestObject*> >::rebind_alloc<RCUTest::TestObject*>’} is not derived from ‘const std::map<_Key, _Tp, _Compare, _Allocator>’
 1828 |         if (__x._M_get_Tp_allocator() == this->_M_get_Tp_allocator())
      |             ~~~~~~~~~~~~~~~~~~~~~~~~~~^~~~~~~~~~~~~~~~~~~~~~~~~~~~~~
In file included from /usr/include/c++/11/map:62,
                 from /home/ubuntu/.conan2/p/b/gtestcb47be3c6b389/p/include/gtest/internal/gtest-internal.h:62,
                 from /home/ubuntu/.conan2/p/b/gtestcb47be3c6b389/p/include/gtest/gtest-printers.h:122,
                 from /home/ubuntu/.conan2/p/b/gtestcb47be3c6b389/p/include/gtest/gtest-matchers.h:49,
                 from /home/ubuntu/.conan2/p/b/gtestcb47be3c6b389/p/include/gtest/internal/gtest-death-test-internal.h:47,
                 from /home/ubuntu/.conan2/p/b/gtestcb47be3c6b389/p/include/gtest/gtest-death-test.h:43,
                 from /home/ubuntu/.conan2/p/b/gtestcb47be3c6b389/p/include/gtest/gtest.h:64,
                 from /home/ubuntu/rcu/test/test_rcu_protected.cpp:1:
/usr/include/c++/11/bits/stl_multimap.h:1128:5: note: candidate: ‘template<class _Key, class _Tp, class _Compare, class _Alloc> bool std::operator==(const std::multimap<_Key, _Tp, _Compare, _Allocator>&, const std::multimap<_Key, _Tp, _Compare, _Allocator>&)’
 1128 |     operator==(const multimap<_Key, _Tp, _Compare, _Alloc>& __x,
      |     ^~~~~~~~
/usr/include/c++/11/bits/stl_multimap.h:1128:5: note:   template argument deduction/substitution failed:
In file included from /usr/include/c++/11/vector:67,
                 from /home/ubuntu/.conan2/p/b/gtestcb47be3c6b389/p/include/gtest/gtest.h:61,
                 from /home/ubuntu/rcu/test/test_rcu_protected.cpp:1:
/usr/include/c++/11/bits/stl_vector.h:1828:39: note:   ‘std::_Vector_base<RCUTest::TestObject*, wbrcu::NumaAllocator<RCUTest::TestObject*> >::_Tp_alloc_type’ {aka ‘std::allocator_traits<wbrcu::NumaAllocator<RCUTest::TestObject*> >::rebind_alloc<RCUTest::TestObject*>’} is not derived from ‘const std::multimap<_Key, _Tp, _Compare, _Allocator>’
 1828 |         if (__x._M_get_Tp_allocator() == this->_M_get_Tp_allocator())
      |             ~~~~~~~~~~~~~~~~~~~~~~~~~~^~~~~~~~~~~~~~~~~~~~~~~~~~~~~~
In file included from /usr/include/c++/11/unordered_set:47,
                 from /home/ubuntu/.conan2/p/folly902b1b047e430/p/include/folly/detail/ThreadLocalDetail.h:27,
                 from /home/ubuntu/.conan2/p/folly902b1b047e430/p/include/folly/ThreadLocal.h:60,
                 from /home/ubuntu/rcu/include/wbrcu/detail/ThreadCachedReaders.hpp:3,
                 from /home/ubuntu/rcu/include/wbrcu/rcu_protected.hpp:3,
                 from /home/ubuntu/rcu/test/test_rcu_protected.cpp:4:
/usr/include/c++/11/bits/unordered_set.h:1804:5: note: candidate: ‘template<class _Value1, class _Hash1, class _Pred1, class _Alloc1> bool std::operator==(const std::unordered_set<_Value1, _Hash1, _Pred1, _Alloc1>&, const std::unordered_set<_Value1, _Hash1, _Pred1, _Alloc1>&)’
 1804 |     operator==(const unordered_set<_Value, _Hash, _Pred, _Alloc>& __x,
      |     ^~~~~~~~
/usr/include/c++/11/bits/unordered_set.h:1804:5: note:   template argument deduction/substitution failed:
In file included from /usr/include/c++/11/vector:67,
                 from /home/ubuntu/.conan2/p/b/gtestcb47be3c6b389/p/include/gtest/gtest.h:61,
                 from /home/ubuntu/rcu/test/test_rcu_protected.cpp:1:
/usr/include/c++/11/bits/stl_vector.h:1828:39: note:   ‘std::_Vector_base<RCUTest::TestObject*, wbrcu::NumaAllocator<RCUTest::TestObject*> >::_Tp_alloc_type’ {aka ‘std::allocator_traits<wbrcu::NumaAllocator<RCUTest::TestObject*> >::rebind_alloc<RCUTest::TestObject*>’} is not derived from ‘const std::unordered_set<_Value1, _Hash1, _Pred1, _Alloc1>’
 1828 |         if (__x._M_get_Tp_allocator() == this->_M_get_Tp_allocator())
      |             ~~~~~~~~~~~~~~~~~~~~~~~~~~^~~~~~~~~~~~~~~~~~~~~~~~~~~~~~
In file included from /usr/include/c++/11/unordered_set:47,
                 from /home/ubuntu/.conan2/p/folly902b1b047e430/p/include/folly/detail/ThreadLocalDetail.h:27,
                 from /home/ubuntu/.conan2/p/folly902b1b047e430/p/include/folly/ThreadLocal.h:60,
                 from /home/ubuntu/rcu/include/wbrcu/detail/ThreadCachedReaders.hpp:3,
                 from /home/ubuntu/rcu/include/wbrcu/rcu_protected.hpp:3,
                 from /home/ubuntu/rcu/test/test_rcu_protected.cpp:4:
/usr/include/c++/11/bits/unordered_set.h:1818:5: note: candidate: ‘template<class _Value1, class _Hash1, class _Pred1, class _Alloc1> bool std::operator==(const std::unordered_multiset<_Value1, _Hash1, _Pred1, _Alloc1>&, const std::unordered_multiset<_Value1, _Hash1, _Pred1, _Alloc1>&)’
 1818 |     operator==(const unordered_multiset<_Value, _Hash, _Pred, _Alloc>& __x,
      |     ^~~~~~~~
/usr/include/c++/11/bits/unordered_set.h:1818:5: note:   template argument deduction/substitution failed:
In file included from /usr/include/c++/11/vector:67,
                 from /home/ubuntu/.conan2/p/b/gtestcb47be3c6b389/p/include/gtest/gtest.h:61,
                 from /home/ubuntu/rcu/test/test_rcu_protected.cpp:1:
/usr/include/c++/11/bits/stl_vector.h:1828:39: note:   ‘std::_Vector_base<RCUTest::TestObject*, wbrcu::NumaAllocator<RCUTest::TestObject*> >::_Tp_alloc_type’ {aka ‘std::allocator_traits<wbrcu::NumaAllocator<RCUTest::TestObject*> >::rebind_alloc<RCUTest::TestObject*>’} is not derived from ‘const std::unordered_multiset<_Value1, _Hash1, _Pred1, _Alloc1>’
 1828 |         if (__x._M_get_Tp_allocator() == this->_M_get_Tp_allocator())
      |             ~~~~~~~~~~~~~~~~~~~~~~~~~~^~~~~~~~~~~~~~~~~~~~~~~~~~~~~~
In file included from /usr/include/c++/11/list:63,
                 from /home/ubuntu/.conan2/p/folly902b1b047e430/p/include/folly/system/AtFork.h:21,
                 from /home/ubuntu/.conan2/p/folly902b1b047e430/p/include/folly/detail/ThreadLocalDetail.h:48,
                 from /home/ubuntu/.conan2/p/folly902b1b047e430/p/include/folly/ThreadLocal.h:60,
                 from /home/ubuntu/rcu/include/wbrcu/detail/ThreadCachedReaders.hpp:3,
                 from /home/ubuntu/rcu/include/wbrcu/rcu_protected.hpp:3,
                 from /home/ubuntu/rcu/test/test_rcu_protected.cpp:4:
/usr/include/c++/11/bits/stl_list.h:2030:5: note: candidate: ‘template<class _Tp, class _Alloc> bool std::operator==(const std::__cxx11::list<_Tp, _Alloc>&, const std::__cxx11::list<_Tp, _Alloc>&)’
 2030 |     operator==(const list<_Tp, _Alloc>& __x, const list<_Tp, _Alloc>& __y)
      |     ^~~~~~~~
/usr/include/c++/11/bits/stl_list.h:2030:5: note:   template argument deduction/substitution failed:
In file included from /usr/include/c++/11/vector:67,
                 from /home/ubuntu/.conan2/p/b/gtestcb47be3c6b389/p/include/gtest/gtest.h:61,
                 from /home/ubuntu/rcu/test/test_rcu_protected.cpp:1:
/usr/include/c++/11/bits/stl_vector.h:1828:39: note:   ‘std::_Vector_base<RCUTest::TestObject*, wbrcu::NumaAllocator<RCUTest::TestObject*> >::_Tp_alloc_type’ {aka ‘std::allocator_traits<wbrcu::NumaAllocator<RCUTest::TestObject*> >::rebind_alloc<RCUTest::TestObject*>’} is not derived from ‘const std::__cxx11::list<_Tp, _Alloc>’
 1828 |         if (__x._M_get_Tp_allocator() == this->_M_get_Tp_allocator())
      |             ~~~~~~~~~~~~~~~~~~~~~~~~~~^~~~~~~~~~~~~~~~~~~~~~~~~~~~~~
In file included from /usr/include/c++/11/bits/ios_base.h:46,
                 from /usr/include/c++/11/ios:42,
                 from /usr/include/c++/11/ostream:38,
                 from /usr/include/c++/11/bits/unique_ptr.h:42,
                 from /usr/include/c++/11/memory:76,
                 from /home/ubuntu/.conan2/p/b/gtestcb47be3c6b389/p/include/gtest/gtest.h:55,
                 from /home/ubuntu/rcu/test/test_rcu_protected.cpp:1:
/usr/include/c++/11/system_error:362:3: note: candidate: ‘bool std::operator==(const std::error_code&, const std::error_code&)’
  362 |   operator==(const error_code& __lhs, const error_code& __rhs) noexcept
      |   ^~~~~~~~
/usr/include/c++/11/system_error:362:32: note:   no known conversion for argument 1 from ‘std::_Vector_base<RCUTest::TestObject*, wbrcu::NumaAllocator<RCUTest::TestObject*> >::_Tp_alloc_type’ {aka ‘std::allocator_traits<wbrcu::NumaAllocator<RCUTest::TestObject*> >::rebind_alloc<RCUTest::TestObject*>’} to ‘const std::error_code&’
  362 |   operator==(const error_code& __lhs, const error_code& __rhs) noexcept
      |              ~~~~~~~~~~~~~~~~~~^~~~~
/usr/include/c++/11/system_error:376:3: note: candidate: ‘bool std::operator==(const std::error_condition&, const std::error_condition&)’
  376 |   operator==(const error_condition& __lhs,
      |   ^~~~~~~~
/usr/include/c++/11/system_error:376:37: note:   no known conversion for argument 1 from ‘std::_Vector_base<RCUTest::TestObject*, wbrcu::NumaAllocator<RCUTest::TestObject*> >::_Tp_alloc_type’ {aka ‘std::allocator_traits<wbrcu::NumaAllocator<RCUTest::TestObject*> >::rebind_alloc<RCUTest::TestObject*>’} to ‘const std::error_condition&’
  376 |   operator==(const error_condition& __lhs,
      |              ~~~~~~~~~~~~~~~~~~~~~~~^~~~~
In file included from /usr/include/c++/11/stop_token:35,
                 from /usr/include/c++/11/condition_variable:47,
                 from /home/ubuntu/.conan2/p/b/gtestcb47be3c6b389/p/include/gtest/internal/gtest-port.h:860,
                 from /home/ubuntu/.conan2/p/b/gtestcb47be3c6b389/p/include/gtest/gtest-message.h:57,
                 from /home/ubuntu/.conan2/p/b/gtestcb47be3c6b389/p/include/gtest/gtest-assertion-result.h:46,
                 from /home/ubuntu/.conan2/p/b/gtestcb47be3c6b389/p/include/gtest/gtest.h:63,
                 from /home/ubuntu/rcu/test/test_rcu_protected.cpp:1:
/usr/include/c++/11/bits/std_thread.h:287:3: note: candidate: ‘bool std::operator==(std::thread::id, std::thread::id)’
  287 |   operator==(thread::id __x, thread::id __y) noexcept
      |   ^~~~~~~~
/usr/include/c++/11/bits/std_thread.h:287:25: note:   no known conversion for argument 1 from ‘std::_Vector_base<RCUTest::TestObject*, wbrcu::NumaAllocator<RCUTest::TestObject*> >::_Tp_alloc_type’ {aka ‘std::allocator_traits<wbrcu::NumaAllocator<RCUTest::TestObject*> >::rebind_alloc<RCUTest::TestObject*>’} to ‘std::thread::id’
  287 |   operator==(thread::id __x, thread::id __y) noexcept
      |              ~~~~~~~~~~~^~~
In file included from /home/ubuntu/.conan2/p/b/gtestcb47be3c6b389/p/include/gtest/internal/gtest-port.h:2515,
                 from /home/ubuntu/.conan2/p/b/gtestcb47be3c6b389/p/include/gtest/gtest-message.h:57,
                 from /home/ubuntu/.conan2/p/b/gtestcb47be3c6b389/p/include/gtest/gtest-assertion-result.h:46,
                 from /home/ubuntu/.conan2/p/b/gtestcb47be3c6b389/p/include/gtest/gtest.h:63,
                 from /home/ubuntu/rcu/test/test_rcu_protected.cpp:1:
/usr/include/c++/11/variant:1239:18: note: candidate: ‘constexpr bool std::operator==(std::monostate, std::monostate)’
 1239 |   constexpr bool operator==(monostate, monostate) noexcept { return true; }
      |                  ^~~~~~~~
/usr/include/c++/11/variant:1239:29: note:   no known conversion for argument 1 from ‘std::_Vector_base<RCUTest::TestObject*, wbrcu::NumaAllocator<RCUTest::TestObject*> >::_Tp_alloc_type’ {aka ‘std::allocator_traits<wbrcu::NumaAllocator<RCUTest::TestObject*> >::rebind_alloc<RCUTest::TestObject*>’} to ‘std::monostate’
 1239 |   constexpr bool operator==(monostate, monostate) noexcept { return true; }
      |                             ^~~~~~~~~
In file included from /home/ubuntu/.conan2/p/folly902b1b047e430/p/include/folly/coro/Coroutine.h:41,
                 from /home/ubuntu/.conan2/p/folly902b1b047e430/p/include/folly/experimental/coro/Coroutine.h:17,
                 from /home/ubuntu/.conan2/p/folly902b1b047e430/p/include/folly/Expected.h:1587,
                 from /home/ubuntu/.conan2/p/folly902b1b047e430/p/include/folly/Conv.h:135,
                 from /home/ubuntu/.conan2/p/folly902b1b047e430/p/include/folly/Exception.h:25,
                 from /home/ubuntu/.conan2/p/folly902b1b047e430/p/include/folly/detail/ThreadLocalDetail.h:32,
                 from /home/ubuntu/.conan2/p/folly902b1b047e430/p/include/folly/ThreadLocal.h:60,
                 from /home/ubuntu/rcu/include/wbrcu/detail/ThreadCachedReaders.hpp:3,
                 from /home/ubuntu/rcu/include/wbrcu/rcu_protected.hpp:3,
                 from /home/ubuntu/rcu/test/test_rcu_protected.cpp:4:
/usr/include/c++/11/coroutine:137:3: note: candidate: ‘constexpr bool std::__n4861::operator==(std::__n4861::coroutine_handle<void>, std::__n4861::coroutine_handle<void>)’
  137 |   operator==(coroutine_handle<> __a, coroutine_handle<> __b) noexcept
      |   ^~~~~~~~
/usr/include/c++/11/coroutine:137:33: note:   no known conversion for argument 1 from ‘std::_Vector_base<RCUTest::TestObject*, wbrcu::NumaAllocator<RCUTest::TestObject*> >::_Tp_alloc_type’ {aka ‘std::allocator_traits<wbrcu::NumaAllocator<RCUTest::TestObject*> >::rebind_alloc<RCUTest::TestObject*>’} to ‘std::__n4861::coroutine_handle<void>’
  137 |   operator==(coroutine_handle<> __a, coroutine_handle<> __b) noexcept
      |              ~~~~~~~~~~~~~~~~~~~^~~
In file included from /usr/include/c++/11/cstddef:49,
                 from /home/ubuntu/.conan2/p/b/gtestcb47be3c6b389/p/include/gtest/gtest.h:52,
                 from /home/ubuntu/rcu/test/test_rcu_protected.cpp:1:
/usr/include/c++/11/bits/stl_vector.h: In instantiation of ‘void std::vector<_Tp, _Alloc>::swap(std::vector<_Tp, _Alloc>&) [with _Tp = RCUTest::TestObject*; _Alloc = wbrcu::NumaAllocator<RCUTest::TestObject*>]’:
/usr/include/c++/11/bits/stl_vector.h:1964:15:   required from ‘void std::swap(std::vector<_Tp, _Alloc>&, std::vector<_Tp, _Alloc>&) [with _Tp = RCUTest::TestObject*; _Alloc = wbrcu::NumaAllocator<RCUTest::TestObject*>]’
/home/ubuntu/rcu/include/wbrcu/rcu_protected.hpp:367:22:   required from ‘void wbrcu::rcu_protected<T, TagId, flushingThreshold>::retire(T*, int) [with T = RCUTest::TestObject; long unsigned int TagId = 0; long unsigned int flushingThreshold = 20]’
/home/ubuntu/rcu/include/wbrcu/rcu_protected.hpp:318:17:   required from ‘void wbrcu::rcu_protected<T, TagId, flushingThreshold>::do_updates(T*) [with T = RCUTest::TestObject; long unsigned int TagId = 0; long unsigned int flushingThreshold = 20]’
/home/ubuntu/rcu/include/wbrcu/rcu_protected.hpp:181:13:   required from ‘void wbrcu::rcu_protected<T, TagId, flushingThreshold>::update(UpdateFunc&&) [with UpdateFunc = RCUTest_BasicUpdate_Test::TestBody()::<lambda(RCUTest::TestObject*)>; T = RCUTest::TestObject; long unsigned int TagId = 0; long unsigned int flushingThreshold = 20]’
/home/ubuntu/rcu/test/test_rcu_protected.cpp:22:19:   required from here
/usr/include/c++/11/bits/stl_vector.h:1483:9: error: no match for ‘operator==’ (operand types are ‘std::_Vector_base<RCUTest::TestObject*, wbrcu::NumaAllocator<RCUTest::TestObject*> >::_Tp_alloc_type’ {aka ‘std::allocator_traits<wbrcu::NumaAllocator<RCUTest::TestObject*> >::rebind_alloc<RCUTest::TestObject*>’} and ‘std::_Vector_base<RCUTest::TestObject*, wbrcu::NumaAllocator<RCUTest::TestObject*> >::_Tp_alloc_type’ {aka ‘std::allocator_traits<wbrcu::NumaAllocator<RCUTest::TestObject*> >::rebind_alloc<RCUTest::TestObject*>’})
 1483 |         __glibcxx_assert(_Alloc_traits::propagate_on_container_swap::value
      |         ^~~~~~~~~~~~~~~~
In file included from /usr/include/c++/11/bits/stl_algobase.h:67,
                 from /usr/include/c++/11/memory:63,
                 from /home/ubuntu/.conan2/p/b/gtestcb47be3c6b389/p/include/gtest/gtest.h:55,
                 from /home/ubuntu/rcu/test/test_rcu_protected.cpp:1:
/usr/include/c++/11/bits/stl_iterator.h:495:5: note: candidate: ‘template<class _IteratorL, class _IteratorR> constexpr bool std::operator==(const std::reverse_iterator<_IteratorL>&, const std::reverse_iterator<_IteratorR>&) requires requires{{std::operator==::__x->base() == std::operator==::__y->base()} -> decltype(auto) [requires std::convertible_to<<placeholder>, bool>];}’ (reversed)
  495 |     operator==(const reverse_iterator<_IteratorL>& __x,
      |     ^~~~~~~~
/usr/include/c++/11/bits/stl_iterator.h:495:5: note:   template argument deduction/substitution failed:
In file included from /usr/include/c++/11/cstddef:49,
                 from /home/ubuntu/.conan2/p/b/gtestcb47be3c6b389/p/include/gtest/gtest.h:52,
                 from /home/ubuntu/rcu/test/test_rcu_protected.cpp:1:
/usr/include/c++/11/bits/stl_vector.h:1483:9: note:   ‘std::_Vector_base<RCUTest::TestObject*, wbrcu::NumaAllocator<RCUTest::TestObject*> >::_Tp_alloc_type’ {aka ‘std::allocator_traits<wbrcu::NumaAllocator<RCUTest::TestObject*> >::rebind_alloc<RCUTest::TestObject*>’} is not derived from ‘const std::reverse_iterator<_IteratorL>’
 1483 |         __glibcxx_assert(_Alloc_traits::propagate_on_container_swap::value
      |         ^~~~~~~~~~~~~~~~
In file included from /usr/include/c++/11/bits/stl_algobase.h:67,
                 from /usr/include/c++/11/memory:63,
                 from /home/ubuntu/.conan2/p/b/gtestcb47be3c6b389/p/include/gtest/gtest.h:55,
                 from /home/ubuntu/rcu/test/test_rcu_protected.cpp:1:
/usr/include/c++/11/bits/stl_iterator.h:1585:5: note: candidate: ‘template<class _IteratorL, class _IteratorR> constexpr bool std::operator==(const std::move_iterator<_IteratorL>&, const std::move_iterator<_IteratorR>&) requires requires{{std::operator==::__x->base() == std::operator==::__y->base()} -> decltype(auto) [requires std::convertible_to<<placeholder>, bool>];}’ (reversed)
 1585 |     operator==(const move_iterator<_IteratorL>& __x,
      |     ^~~~~~~~
/usr/include/c++/11/bits/stl_iterator.h:1585:5: note:   template argument deduction/substitution failed:
In file included from /usr/include/c++/11/cstddef:49,
                 from /home/ubuntu/.conan2/p/b/gtestcb47be3c6b389/p/include/gtest/gtest.h:52,
                 from /home/ubuntu/rcu/test/test_rcu_protected.cpp:1:
/usr/include/c++/11/bits/stl_vector.h:1483:9: note:   ‘std::_Vector_base<RCUTest::TestObject*, wbrcu::NumaAllocator<RCUTest::TestObject*> >::_Tp_alloc_type’ {aka ‘std::allocator_traits<wbrcu::NumaAllocator<RCUTest::TestObject*> >::rebind_alloc<RCUTest::TestObject*>’} is not derived from ‘const std::move_iterator<_IteratorL>’
 1483 |         __glibcxx_assert(_Alloc_traits::propagate_on_container_swap::value
      |         ^~~~~~~~~~~~~~~~
In file included from /usr/include/c++/11/memory:64,
                 from /home/ubuntu/.conan2/p/b/gtestcb47be3c6b389/p/include/gtest/gtest.h:55,
                 from /home/ubuntu/rcu/test/test_rcu_protected.cpp:1:
/usr/include/c++/11/bits/allocator.h:218:5: note: candidate: ‘template<class _T1, class _T2> constexpr bool std::operator==(const std::allocator<_Up>&, const std::allocator<_T2>&)’ (reversed)
  218 |     operator==(const allocator<_T1>&, const allocator<_T2>&)
      |     ^~~~~~~~
/usr/include/c++/11/bits/allocator.h:218:5: note:   template argument deduction/substitution failed:
In file included from /usr/include/c++/11/cstddef:49,
                 from /home/ubuntu/.conan2/p/b/gtestcb47be3c6b389/p/include/gtest/gtest.h:52,
                 from /home/ubuntu/rcu/test/test_rcu_protected.cpp:1:
/usr/include/c++/11/bits/stl_vector.h:1483:9: note:   ‘std::_Vector_base<RCUTest::TestObject*, wbrcu::NumaAllocator<RCUTest::TestObject*> >::_Tp_alloc_type’ {aka ‘std::allocator_traits<wbrcu::NumaAllocator<RCUTest::TestObject*> >::rebind_alloc<RCUTest::TestObject*>’} is not derived from ‘const std::allocator<_Up>’
 1483 |         __glibcxx_assert(_Alloc_traits::propagate_on_container_swap::value
      |         ^~~~~~~~~~~~~~~~
In file included from /usr/include/c++/11/bits/unique_ptr.h:37,
                 from /usr/include/c++/11/memory:76,
                 from /home/ubuntu/.conan2/p/b/gtestcb47be3c6b389/p/include/gtest/gtest.h:55,
                 from /home/ubuntu/rcu/test/test_rcu_protected.cpp:1:
/usr/include/c++/11/tuple:1524:5: note: candidate: ‘template<class ... _TElements, class ... _UElements> constexpr bool std::operator==(const std::tuple<_Tps ...>&, const std::tuple<_UTypes ...>&)’ (reversed)
 1524 |     operator==(const tuple<_TElements...>& __t,
      |     ^~~~~~~~
/usr/include/c++/11/tuple:1524:5: note:   template argument deduction/substitution failed:
In file included from /usr/include/c++/11/cstddef:49,
                 from /home/ubuntu/.conan2/p/b/gtestcb47be3c6b389/p/include/gtest/gtest.h:52,
                 from /home/ubuntu/rcu/test/test_rcu_protected.cpp:1:
/usr/include/c++/11/bits/stl_vector.h:1483:9: note:   ‘std::_Vector_base<RCUTest::TestObject*, wbrcu::NumaAllocator<RCUTest::TestObject*> >::_Tp_alloc_type’ {aka ‘std::allocator_traits<wbrcu::NumaAllocator<RCUTest::TestObject*> >::rebind_alloc<RCUTest::TestObject*>’} is not derived from ‘const std::tuple<_Tps ...>’
 1483 |         __glibcxx_assert(_Alloc_traits::propagate_on_container_swap::value
      |         ^~~~~~~~~~~~~~~~
In file included from /usr/include/c++/11/bits/basic_string.h:48,
                 from /usr/include/c++/11/string:55,
                 from /usr/include/c++/11/bits/locale_classes.h:40,
                 from /usr/include/c++/11/bits/ios_base.h:41,
                 from /usr/include/c++/11/ios:42,
                 from /usr/include/c++/11/ostream:38,
                 from /usr/include/c++/11/bits/unique_ptr.h:42,
                 from /usr/include/c++/11/memory:76,
                 from /home/ubuntu/.conan2/p/b/gtestcb47be3c6b389/p/include/gtest/gtest.h:55,
                 from /home/ubuntu/rcu/test/test_rcu_protected.cpp:1:
/usr/include/c++/11/string_view:541:5: note: candidate: ‘template<class _CharT, class _Traits> constexpr bool std::operator==(std::basic_string_view<_CharT, _Traits>, std::__type_identity_t<std::basic_string_view<_CharT, _Traits> >)’ (reversed)
  541 |     operator==(basic_string_view<_CharT, _Traits> __x,
      |     ^~~~~~~~
/usr/include/c++/11/string_view:541:5: note:   template argument deduction/substitution failed:
In file included from /usr/include/c++/11/cstddef:49,
                 from /home/ubuntu/.conan2/p/b/gtestcb47be3c6b389/p/include/gtest/gtest.h:52,
                 from /home/ubuntu/rcu/test/test_rcu_protected.cpp:1:
/usr/include/c++/11/bits/stl_vector.h:1483:9: note:   ‘wbrcu::NumaAllocator<RCUTest::TestObject*>’ is not derived from ‘std::basic_string_view<_CharT, _Traits>’
 1483 |         __glibcxx_assert(_Alloc_traits::propagate_on_container_swap::value
      |         ^~~~~~~~~~~~~~~~
In file included from /usr/include/c++/11/string:55,
                 from /usr/include/c++/11/bits/locale_classes.h:40,
                 from /usr/include/c++/11/bits/ios_base.h:41,
                 from /usr/include/c++/11/ios:42,
                 from /usr/include/c++/11/ostream:38,
                 from /usr/include/c++/11/bits/unique_ptr.h:42,
                 from /usr/include/c++/11/memory:76,
                 from /home/ubuntu/.conan2/p/b/gtestcb47be3c6b389/p/include/gtest/gtest.h:55,
                 from /home/ubuntu/rcu/test/test_rcu_protected.cpp:1:
/usr/include/c++/11/bits/basic_string.h:6248:5: note: candidate: ‘template<class _CharT, class _Traits, class _Alloc> bool std::operator==(const std::__cxx11::basic_string<_CharT, _Traits, _Allocator>&, const _CharT*)’ (reversed)
 6248 |     operator==(const basic_string<_CharT, _Traits, _Alloc>& __lhs,
      |     ^~~~~~~~
/usr/include/c++/11/bits/basic_string.h:6248:5: note:   template argument deduction/substitution failed:
In file included from /usr/include/c++/11/cstddef:49,
                 from /home/ubuntu/.conan2/p/b/gtestcb47be3c6b389/p/include/gtest/gtest.h:52,
                 from /home/ubuntu/rcu/test/test_rcu_protected.cpp:1:
/usr/include/c++/11/bits/stl_vector.h:1483:9: note:   ‘std::_Vector_base<RCUTest::TestObject*, wbrcu::NumaAllocator<RCUTest::TestObject*> >::_Tp_alloc_type’ {aka ‘std::allocator_traits<wbrcu::NumaAllocator<RCUTest::TestObject*> >::rebind_alloc<RCUTest::TestObject*>’} is not derived from ‘const std::__cxx11::basic_string<_CharT, _Traits, _Allocator>’
 1483 |         __glibcxx_assert(_Alloc_traits::propagate_on_container_swap::value
      |         ^~~~~~~~~~~~~~~~
In file included from /usr/include/c++/11/memory:76,
                 from /home/ubuntu/.conan2/p/b/gtestcb47be3c6b389/p/include/gtest/gtest.h:55,
                 from /home/ubuntu/rcu/test/test_rcu_protected.cpp:1:
/usr/include/c++/11/bits/unique_ptr.h:753:5: note: candidate: ‘template<class _Tp, class _Dp, class _Up, class _Ep> bool std::operator==(const std::unique_ptr<_Tp, _Dp>&, const std::unique_ptr<_Up, _Ep>&)’ (reversed)
  753 |     operator==(const unique_ptr<_Tp, _Dp>& __x,
      |     ^~~~~~~~
/usr/include/c++/11/bits/unique_ptr.h:753:5: note:   template argument deduction/substitution failed:
In file included from /usr/include/c++/11/cstddef:49,
                 from /home/ubuntu/.conan2/p/b/gtestcb47be3c6b389/p/include/gtest/gtest.h:52,
                 from /home/ubuntu/rcu/test/test_rcu_protected.cpp:1:
/usr/include/c++/11/bits/stl_vector.h:1483:9: note:   ‘std::_Vector_base<RCUTest::TestObject*, wbrcu::NumaAllocator<RCUTest::TestObject*> >::_Tp_alloc_type’ {aka ‘std::allocator_traits<wbrcu::NumaAllocator<RCUTest::TestObject*> >::rebind_alloc<RCUTest::TestObject*>’} is not derived from ‘const std::unique_ptr<_Tp, _Dp>’
 1483 |         __glibcxx_assert(_Alloc_traits::propagate_on_container_swap::value
      |         ^~~~~~~~~~~~~~~~
In file included from /usr/include/c++/11/memory:76,
                 from /home/ubuntu/.conan2/p/b/gtestcb47be3c6b389/p/include/gtest/gtest.h:55,
                 from /home/ubuntu/rcu/test/test_rcu_protected.cpp:1:
/usr/include/c++/11/bits/unique_ptr.h:760:5: note: candidate: ‘template<class _Tp, class _Dp> bool std::operator==(const std::unique_ptr<_Tp, _Dp>&, std::nullptr_t)’ (reversed)
  760 |     operator==(const unique_ptr<_Tp, _Dp>& __x, nullptr_t) noexcept
      |     ^~~~~~~~
/usr/include/c++/11/bits/unique_ptr.h:760:5: note:   template argument deduction/substitution failed:
In file included from /usr/include/c++/11/cstddef:49,
                 from /home/ubuntu/.conan2/p/b/gtestcb47be3c6b389/p/include/gtest/gtest.h:52,
                 from /home/ubuntu/rcu/test/test_rcu_protected.cpp:1:
/usr/include/c++/11/bits/stl_vector.h:1483:9: note:   ‘std::_Vector_base<RCUTest::TestObject*, wbrcu::NumaAllocator<RCUTest::TestObject*> >::_Tp_alloc_type’ {aka ‘std::allocator_traits<wbrcu::NumaAllocator<RCUTest::TestObject*> >::rebind_alloc<RCUTest::TestObject*>’} is not derived from ‘const std::unique_ptr<_Tp, _Dp>’
 1483 |         __glibcxx_assert(_Alloc_traits::propagate_on_container_swap::value
      |         ^~~~~~~~~~~~~~~~
In file included from /usr/include/c++/11/bits/shared_ptr.h:53,
                 from /usr/include/c++/11/memory:77,
                 from /home/ubuntu/.conan2/p/b/gtestcb47be3c6b389/p/include/gtest/gtest.h:55,
                 from /home/ubuntu/rcu/test/test_rcu_protected.cpp:1:
/usr/include/c++/11/bits/shared_ptr_base.h:1410:5: note: candidate: ‘template<class _Tp1, class _Tp2, __gnu_cxx::_Lock_policy _Lp> bool std::operator==(const std::__shared_ptr<_Tp1, _Lp>&, const std::__shared_ptr<_Tp2, _Lp>&)’ (reversed)
 1410 |     operator==(const __shared_ptr<_Tp1, _Lp>& __a,
      |     ^~~~~~~~
/usr/include/c++/11/bits/shared_ptr_base.h:1410:5: note:   template argument deduction/substitution failed:
In file included from /usr/include/c++/11/cstddef:49,
                 from /home/ubuntu/.conan2/p/b/gtestcb47be3c6b389/p/include/gtest/gtest.h:52,
                 from /home/ubuntu/rcu/test/test_rcu_protected.cpp:1:
/usr/include/c++/11/bits/stl_vector.h:1483:9: note:   ‘std::_Vector_base<RCUTest::TestObject*, wbrcu::NumaAllocator<RCUTest::TestObject*> >::_Tp_alloc_type’ {aka ‘std::allocator_traits<wbrcu::NumaAllocator<RCUTest::TestObject*> >::rebind_alloc<RCUTest::TestObject*>’} is not derived from ‘const std::__shared_ptr<_Tp1, _Lp>’
 1483 |         __glibcxx_assert(_Alloc_traits::propagate_on_container_swap::value
      |         ^~~~~~~~~~~~~~~~
In file included from /usr/include/c++/11/bits/shared_ptr.h:53,
                 from /usr/include/c++/11/memory:77,
                 from /home/ubuntu/.conan2/p/b/gtestcb47be3c6b389/p/include/gtest/gtest.h:55,
                 from /home/ubuntu/rcu/test/test_rcu_protected.cpp:1:
/usr/include/c++/11/bits/shared_ptr_base.h:1416:5: note: candidate: ‘template<class _Tp, __gnu_cxx::_Lock_policy _Lp> bool std::operator==(const std::__shared_ptr<_Tp, _Lp>&, std::nullptr_t)’ (reversed)
 1416 |     operator==(const __shared_ptr<_Tp, _Lp>& __a, nullptr_t) noexcept
      |     ^~~~~~~~
/usr/include/c++/11/bits/shared_ptr_base.h:1416:5: note:   template argument deduction/substitution failed:
In file included from /usr/include/c++/11/cstddef:49,
                 from /home/ubuntu/.conan2/p/b/gtestcb47be3c6b389/p/include/gtest/gtest.h:52,
                 from /home/ubuntu/rcu/test/test_rcu_protected.cpp:1:
/usr/include/c++/11/bits/stl_vector.h:1483:9: note:   ‘std::_Vector_base<RCUTest::TestObject*, wbrcu::NumaAllocator<RCUTest::TestObject*> >::_Tp_alloc_type’ {aka ‘std::allocator_traits<wbrcu::NumaAllocator<RCUTest::TestObject*> >::rebind_alloc<RCUTest::TestObject*>’} is not derived from ‘const std::__shared_ptr<_Tp, _Lp>’
 1483 |         __glibcxx_assert(_Alloc_traits::propagate_on_container_swap::value
      |         ^~~~~~~~~~~~~~~~
In file included from /usr/include/c++/11/memory:77,
                 from /home/ubuntu/.conan2/p/b/gtestcb47be3c6b389/p/include/gtest/gtest.h:55,
                 from /home/ubuntu/rcu/test/test_rcu_protected.cpp:1:
/usr/include/c++/11/bits/shared_ptr.h:437:5: note: candidate: ‘template<class _Tp, class _Up> bool std::operator==(const std::shared_ptr<_Tp>&, const std::shared_ptr<_Tp>&)’ (reversed)
  437 |     operator==(const shared_ptr<_Tp>& __a, const shared_ptr<_Up>& __b) noexcept
      |     ^~~~~~~~
/usr/include/c++/11/bits/shared_ptr.h:437:5: note:   template argument deduction/substitution failed:
In file included from /usr/include/c++/11/cstddef:49,
                 from /home/ubuntu/.conan2/p/b/gtestcb47be3c6b389/p/include/gtest/gtest.h:52,
                 from /home/ubuntu/rcu/test/test_rcu_protected.cpp:1:
/usr/include/c++/11/bits/stl_vector.h:1483:9: note:   ‘std::_Vector_base<RCUTest::TestObject*, wbrcu::NumaAllocator<RCUTest::TestObject*> >::_Tp_alloc_type’ {aka ‘std::allocator_traits<wbrcu::NumaAllocator<RCUTest::TestObject*> >::rebind_alloc<RCUTest::TestObject*>’} is not derived from ‘const std::shared_ptr<_Tp>’
 1483 |         __glibcxx_assert(_Alloc_traits::propagate_on_container_swap::value
      |         ^~~~~~~~~~~~~~~~
In file included from /usr/include/c++/11/memory:77,
                 from /home/ubuntu/.conan2/p/b/gtestcb47be3c6b389/p/include/gtest/gtest.h:55,
                 from /home/ubuntu/rcu/test/test_rcu_protected.cpp:1:
/usr/include/c++/11/bits/shared_ptr.h:443:5: note: candidate: ‘template<class _Tp> bool std::operator==(const std::shared_ptr<_Tp>&, std::nullptr_t)’ (reversed)
  443 |     operator==(const shared_ptr<_Tp>& __a, nullptr_t) noexcept
      |     ^~~~~~~~
/usr/include/c++/11/bits/shared_ptr.h:443:5: note:   template argument deduction/substitution failed:
In file included from /usr/include/c++/11/cstddef:49,
                 from /home/ubuntu/.conan2/p/b/gtestcb47be3c6b389/p/include/gtest/gtest.h:52,
                 from /home/ubuntu/rcu/test/test_rcu_protected.cpp:1:
/usr/include/c++/11/bits/stl_vector.h:1483:9: note:   ‘std::_Vector_base<RCUTest::TestObject*, wbrcu::NumaAllocator<RCUTest::TestObject*> >::_Tp_alloc_type’ {aka ‘std::allocator_traits<wbrcu::NumaAllocator<RCUTest::TestObject*> >::rebind_alloc<RCUTest::TestObject*>’} is not derived from ‘const std::shared_ptr<_Tp>’
 1483 |         __glibcxx_assert(_Alloc_traits::propagate_on_container_swap::value
      |         ^~~~~~~~~~~~~~~~
In file included from /home/ubuntu/.conan2/p/b/gtestcb47be3c6b389/p/include/gtest/internal/gtest-port.h:2440,
                 from /home/ubuntu/.conan2/p/b/gtestcb47be3c6b389/p/include/gtest/gtest-message.h:57,
                 from /home/ubuntu/.conan2/p/b/gtestcb47be3c6b389/p/include/gtest/gtest-assertion-result.h:46,
                 from /home/ubuntu/.conan2/p/b/gtestcb47be3c6b389/p/include/gtest/gtest.h:63,
                 from /home/ubuntu/rcu/test/test_rcu_protected.cpp:1:
/usr/include/c++/11/optional:1045:5: note: candidate: ‘template<class _Tp, class _Up> constexpr std::__optional_eq_t<_Tp, _Up> std::operator==(const std::optional<_Tp>&, const std::optional<_Up>&)’ (reversed)
 1045 |     operator==(const optional<_Tp>& __lhs, const optional<_Up>& __rhs)
      |     ^~~~~~~~
/usr/include/c++/11/optional:1045:5: note:   template argument deduction/substitution failed:
In file included from /usr/include/c++/11/cstddef:49,
                 from /home/ubuntu/.conan2/p/b/gtestcb47be3c6b389/p/include/gtest/gtest.h:52,
                 from /home/ubuntu/rcu/test/test_rcu_protected.cpp:1:
/usr/include/c++/11/bits/stl_vector.h:1483:9: note:   ‘std::_Vector_base<RCUTest::TestObject*, wbrcu::NumaAllocator<RCUTest::TestObject*> >::_Tp_alloc_type’ {aka ‘std::allocator_traits<wbrcu::NumaAllocator<RCUTest::TestObject*> >::rebind_alloc<RCUTest::TestObject*>’} is not derived from ‘const std::optional<_Tp>’
 1483 |         __glibcxx_assert(_Alloc_traits::propagate_on_container_swap::value
      |         ^~~~~~~~~~~~~~~~
In file included from /home/ubuntu/.conan2/p/b/gtestcb47be3c6b389/p/include/gtest/internal/gtest-port.h:2440,
                 from /home/ubuntu/.conan2/p/b/gtestcb47be3c6b389/p/include/gtest/gtest-message.h:57,
                 from /home/ubuntu/.conan2/p/b/gtestcb47be3c6b389/p/include/gtest/gtest-assertion-result.h:46,
                 from /home/ubuntu/.conan2/p/b/gtestcb47be3c6b389/p/include/gtest/gtest.h:63,
                 from /home/ubuntu/rcu/test/test_rcu_protected.cpp:1:
/usr/include/c++/11/optional:1105:5: note: candidate: ‘template<class _Tp> constexpr bool std::operator==(const std::optional<_Tp>&, std::nullopt_t)’ (reversed)
 1105 |     operator==(const optional<_Tp>& __lhs, nullopt_t) noexcept
      |     ^~~~~~~~
/usr/include/c++/11/optional:1105:5: note:   template argument deduction/substitution failed:
In file included from /usr/include/c++/11/cstddef:49,
                 from /home/ubuntu/.conan2/p/b/gtestcb47be3c6b389/p/include/gtest/gtest.h:52,
                 from /home/ubuntu/rcu/test/test_rcu_protected.cpp:1:
/usr/include/c++/11/bits/stl_vector.h:1483:9: note:   ‘std::_Vector_base<RCUTest::TestObject*, wbrcu::NumaAllocator<RCUTest::TestObject*> >::_Tp_alloc_type’ {aka ‘std::allocator_traits<wbrcu::NumaAllocator<RCUTest::TestObject*> >::rebind_alloc<RCUTest::TestObject*>’} is not derived from ‘const std::optional<_Tp>’
 1483 |         __glibcxx_assert(_Alloc_traits::propagate_on_container_swap::value
      |         ^~~~~~~~~~~~~~~~
In file included from /home/ubuntu/.conan2/p/b/gtestcb47be3c6b389/p/include/gtest/internal/gtest-port.h:2440,
                 from /home/ubuntu/.conan2/p/b/gtestcb47be3c6b389/p/include/gtest/gtest-message.h:57,
                 from /home/ubuntu/.conan2/p/b/gtestcb47be3c6b389/p/include/gtest/gtest-assertion-result.h:46,
                 from /home/ubuntu/.conan2/p/b/gtestcb47be3c6b389/p/include/gtest/gtest.h:63,
                 from /home/ubuntu/rcu/test/test_rcu_protected.cpp:1:
/usr/include/c++/11/optional:1173:5: note: candidate: ‘template<class _Tp, class _Up> constexpr std::__optional_eq_t<_Tp, _Up> std::operator==(const std::optional<_Tp>&, const _Up&)’ (reversed)
 1173 |     operator==(const optional<_Tp>& __lhs, const _Up& __rhs)
      |     ^~~~~~~~
/usr/include/c++/11/optional:1173:5: note:   template argument deduction/substitution failed:
In file included from /usr/include/c++/11/cstddef:49,
                 from /home/ubuntu/.conan2/p/b/gtestcb47be3c6b389/p/include/gtest/gtest.h:52,
                 from /home/ubuntu/rcu/test/test_rcu_protected.cpp:1:
/usr/include/c++/11/bits/stl_vector.h:1483:9: note:   ‘std::_Vector_base<RCUTest::TestObject*, wbrcu::NumaAllocator<RCUTest::TestObject*> >::_Tp_alloc_type’ {aka ‘std::allocator_traits<wbrcu::NumaAllocator<RCUTest::TestObject*> >::rebind_alloc<RCUTest::TestObject*>’} is not derived from ‘const std::optional<_Tp>’
 1483 |         __glibcxx_assert(_Alloc_traits::propagate_on_container_swap::value
      |         ^~~~~~~~~~~~~~~~
In file included from /home/ubuntu/.conan2/p/b/gtestcb47be3c6b389/p/include/gtest/internal/gtest-port.h:2440,
                 from /home/ubuntu/.conan2/p/b/gtestcb47be3c6b389/p/include/gtest/gtest-message.h:57,
                 from /home/ubuntu/.conan2/p/b/gtestcb47be3c6b389/p/include/gtest/gtest-assertion-result.h:46,
                 from /home/ubuntu/.conan2/p/b/gtestcb47be3c6b389/p/include/gtest/gtest.h:63,
                 from /home/ubuntu/rcu/test/test_rcu_protected.cpp:1:
/usr/include/c++/11/optional:1179:5: note: candidate: ‘template<class _Tp, class _Up> constexpr std::__optional_eq_t<_Up, _Tp> std::operator==(const _Up&, const std::optional<_Tp>&)’ (reversed)
 1179 |     operator==(const _Up& __lhs, const optional<_Tp>& __rhs)
      |     ^~~~~~~~
/usr/include/c++/11/optional:1179:5: note:   template argument deduction/substitution failed:
In file included from /usr/include/c++/11/cstddef:49,
                 from /home/ubuntu/.conan2/p/b/gtestcb47be3c6b389/p/include/gtest/gtest.h:52,
                 from /home/ubuntu/rcu/test/test_rcu_protected.cpp:1:
/usr/include/c++/11/bits/stl_vector.h:1483:9: note:   ‘std::_Vector_base<RCUTest::TestObject*, wbrcu::NumaAllocator<RCUTest::TestObject*> >::_Tp_alloc_type’ {aka ‘std::allocator_traits<wbrcu::NumaAllocator<RCUTest::TestObject*> >::rebind_alloc<RCUTest::TestObject*>’} is not derived from ‘const std::optional<_Tp>’
 1483 |         __glibcxx_assert(_Alloc_traits::propagate_on_container_swap::value
      |         ^~~~~~~~~~~~~~~~
In file included from /usr/include/c++/11/functional:59,
                 from /home/ubuntu/.conan2/p/b/gtestcb47be3c6b389/p/include/gtest/gtest-matchers.h:43,
                 from /home/ubuntu/.conan2/p/b/gtestcb47be3c6b389/p/include/gtest/internal/gtest-death-test-internal.h:47,
                 from /home/ubuntu/.conan2/p/b/gtestcb47be3c6b389/p/include/gtest/gtest-death-test.h:43,
                 from /home/ubuntu/.conan2/p/b/gtestcb47be3c6b389/p/include/gtest/gtest.h:64,
                 from /home/ubuntu/rcu/test/test_rcu_protected.cpp:1:
/usr/include/c++/11/bits/std_function.h:718:5: note: candidate: ‘template<class _Res, class ... _Args> bool std::operator==(const std::function<_Res(_ArgTypes ...)>&, std::nullptr_t)’ (reversed)
  718 |     operator==(const function<_Res(_Args...)>& __f, nullptr_t) noexcept
      |     ^~~~~~~~
/usr/include/c++/11/bits/std_function.h:718:5: note:   template argument deduction/substitution failed:
In file included from /usr/include/c++/11/cstddef:49,
                 from /home/ubuntu/.conan2/p/b/gtestcb47be3c6b389/p/include/gtest/gtest.h:52,
                 from /home/ubuntu/rcu/test/test_rcu_protected.cpp:1:
/usr/include/c++/11/bits/stl_vector.h:1483:9: note:   ‘std::_Vector_base<RCUTest::TestObject*, wbrcu::NumaAllocator<RCUTest::TestObject*> >::_Tp_alloc_type’ {aka ‘std::allocator_traits<wbrcu::NumaAllocator<RCUTest::TestObject*> >::rebind_alloc<RCUTest::TestObject*>’} is not derived from ‘const std::function<_Res(_ArgTypes ...)>’
 1483 |         __glibcxx_assert(_Alloc_traits::propagate_on_container_swap::value
      |         ^~~~~~~~~~~~~~~~
In file included from /usr/include/c++/11/bits/ios_base.h:46,
                 from /usr/include/c++/11/ios:42,
                 from /usr/include/c++/11/ostream:38,
                 from /usr/include/c++/11/bits/unique_ptr.h:42,
                 from /usr/include/c++/11/memory:76,
                 from /home/ubuntu/.conan2/p/b/gtestcb47be3c6b389/p/include/gtest/gtest.h:55,
                 from /home/ubuntu/rcu/test/test_rcu_protected.cpp:1:
/usr/include/c++/11/system_error:368:3: note: candidate: ‘bool std::operator==(const std::error_code&, const std::error_condition&)’ (reversed)
  368 |   operator==(const error_code& __lhs, const error_condition& __rhs) noexcept
      |   ^~~~~~~~
/usr/include/c++/11/system_error:368:32: note:   no known conversion for argument 1 from ‘std::_Vector_base<RCUTest::TestObject*, wbrcu::NumaAllocator<RCUTest::TestObject*> >::_Tp_alloc_type’ {aka ‘std::allocator_traits<wbrcu::NumaAllocator<RCUTest::TestObject*> >::rebind_alloc<RCUTest::TestObject*>’} to ‘const std::error_code&’
  368 |   operator==(const error_code& __lhs, const error_condition& __rhs) noexcept
      |              ~~~~~~~~~~~~~~~~~~^~~~~
In file included from /usr/include/c++/11/bits/stl_algobase.h:64,
                 from /usr/include/c++/11/memory:63,
                 from /home/ubuntu/.conan2/p/b/gtestcb47be3c6b389/p/include/gtest/gtest.h:55,
                 from /home/ubuntu/rcu/test/test_rcu_protected.cpp:1:
/usr/include/c++/11/bits/stl_pair.h:466:5: note: candidate: ‘template<class _T1, class _T2> constexpr bool std::operator==(const std::pair<_T1, _T2>&, const std::pair<_T1, _T2>&)’
  466 |     operator==(const pair<_T1, _T2>& __x, const pair<_T1, _T2>& __y)
      |     ^~~~~~~~
/usr/include/c++/11/bits/stl_pair.h:466:5: note:   template argument deduction/substitution failed:
In file included from /usr/include/c++/11/cstddef:49,
                 from /home/ubuntu/.conan2/p/b/gtestcb47be3c6b389/p/include/gtest/gtest.h:52,
                 from /home/ubuntu/rcu/test/test_rcu_protected.cpp:1:
/usr/include/c++/11/bits/stl_vector.h:1483:9: note:   ‘std::_Vector_base<RCUTest::TestObject*, wbrcu::NumaAllocator<RCUTest::TestObject*> >::_Tp_alloc_type’ {aka ‘std::allocator_traits<wbrcu::NumaAllocator<RCUTest::TestObject*> >::rebind_alloc<RCUTest::TestObject*>’} is not derived from ‘const std::pair<_T1, _T2>’
 1483 |         __glibcxx_assert(_Alloc_traits::propagate_on_container_swap::value
      |         ^~~~~~~~~~~~~~~~
In file included from /usr/include/c++/11/bits/stl_algobase.h:67,
                 from /usr/include/c++/11/memory:63,
                 from /home/ubuntu/.conan2/p/b/gtestcb47be3c6b389/p/include/gtest/gtest.h:55,
                 from /home/ubuntu/rcu/test/test_rcu_protected.cpp:1:
/usr/include/c++/11/bits/stl_iterator.h:547:5: note: candidate: ‘template<class _Iterator> constexpr bool std::operator==(const std::reverse_iterator<_IteratorL>&, const std::reverse_iterator<_IteratorL>&) requires requires{{std::operator==::__x->base() == std::operator==::__y->base()} -> decltype(auto) [requires std::convertible_to<<placeholder>, bool>];}’
  547 |     operator==(const reverse_iterator<_Iterator>& __x,
      |     ^~~~~~~~
/usr/include/c++/11/bits/stl_iterator.h:547:5: note:   template argument deduction/substitution failed:
In file included from /usr/include/c++/11/cstddef:49,
                 from /home/ubuntu/.conan2/p/b/gtestcb47be3c6b389/p/include/gtest/gtest.h:52,
                 from /home/ubuntu/rcu/test/test_rcu_protected.cpp:1:
/usr/include/c++/11/bits/stl_vector.h:1483:9: note:   ‘std::_Vector_base<RCUTest::TestObject*, wbrcu::NumaAllocator<RCUTest::TestObject*> >::_Tp_alloc_type’ {aka ‘std::allocator_traits<wbrcu::NumaAllocator<RCUTest::TestObject*> >::rebind_alloc<RCUTest::TestObject*>’} is not derived from ‘const std::reverse_iterator<_IteratorL>’
 1483 |         __glibcxx_assert(_Alloc_traits::propagate_on_container_swap::value
      |         ^~~~~~~~~~~~~~~~
In file included from /usr/include/c++/11/bits/stl_algobase.h:67,
                 from /usr/include/c++/11/memory:63,
                 from /home/ubuntu/.conan2/p/b/gtestcb47be3c6b389/p/include/gtest/gtest.h:55,
                 from /home/ubuntu/rcu/test/test_rcu_protected.cpp:1:
/usr/include/c++/11/bits/stl_iterator.h:1648:5: note: candidate: ‘template<class _Iterator> constexpr bool std::operator==(const std::move_iterator<_IteratorL>&, const std::move_iterator<_IteratorL>&)’
 1648 |     operator==(const move_iterator<_Iterator>& __x,
      |     ^~~~~~~~
/usr/include/c++/11/bits/stl_iterator.h:1648:5: note:   template argument deduction/substitution failed:
In file included from /usr/include/c++/11/cstddef:49,
                 from /home/ubuntu/.conan2/p/b/gtestcb47be3c6b389/p/include/gtest/gtest.h:52,
                 from /home/ubuntu/rcu/test/test_rcu_protected.cpp:1:
/usr/include/c++/11/bits/stl_vector.h:1483:9: note:   ‘std::_Vector_base<RCUTest::TestObject*, wbrcu::NumaAllocator<RCUTest::TestObject*> >::_Tp_alloc_type’ {aka ‘std::allocator_traits<wbrcu::NumaAllocator<RCUTest::TestObject*> >::rebind_alloc<RCUTest::TestObject*>’} is not derived from ‘const std::move_iterator<_IteratorL>’
 1483 |         __glibcxx_assert(_Alloc_traits::propagate_on_container_swap::value
      |         ^~~~~~~~~~~~~~~~
In file included from /usr/include/c++/11/tuple:39,
                 from /usr/include/c++/11/bits/unique_ptr.h:37,
                 from /usr/include/c++/11/memory:76,
                 from /home/ubuntu/.conan2/p/b/gtestcb47be3c6b389/p/include/gtest/gtest.h:55,
                 from /home/ubuntu/rcu/test/test_rcu_protected.cpp:1:
/usr/include/c++/11/array:276:5: note: candidate: ‘template<class _Tp, long unsigned int _Nm> constexpr bool std::operator==(const std::array<_Tp, _Nm>&, const std::array<_Tp, _Nm>&)’
  276 |     operator==(const array<_Tp, _Nm>& __one, const array<_Tp, _Nm>& __two)
      |     ^~~~~~~~
/usr/include/c++/11/array:276:5: note:   template argument deduction/substitution failed:
In file included from /usr/include/c++/11/cstddef:49,
                 from /home/ubuntu/.conan2/p/b/gtestcb47be3c6b389/p/include/gtest/gtest.h:52,
                 from /home/ubuntu/rcu/test/test_rcu_protected.cpp:1:
/usr/include/c++/11/bits/stl_vector.h:1483:9: note:   ‘std::_Vector_base<RCUTest::TestObject*, wbrcu::NumaAllocator<RCUTest::TestObject*> >::_Tp_alloc_type’ {aka ‘std::allocator_traits<wbrcu::NumaAllocator<RCUTest::TestObject*> >::rebind_alloc<RCUTest::TestObject*>’} is not derived from ‘const std::array<_Tp, _Nm>’
 1483 |         __glibcxx_assert(_Alloc_traits::propagate_on_container_swap::value
      |         ^~~~~~~~~~~~~~~~
In file included from /usr/include/c++/11/iosfwd:40,
                 from /usr/include/c++/11/ios:38,
                 from /usr/include/c++/11/ostream:38,
                 from /usr/include/c++/11/bits/unique_ptr.h:42,
                 from /usr/include/c++/11/memory:76,
                 from /home/ubuntu/.conan2/p/b/gtestcb47be3c6b389/p/include/gtest/gtest.h:55,
                 from /home/ubuntu/rcu/test/test_rcu_protected.cpp:1:
/usr/include/c++/11/bits/postypes.h:222:5: note: candidate: ‘template<class _StateT> bool std::operator==(const std::fpos<_StateT>&, const std::fpos<_StateT>&)’
  222 |     operator==(const fpos<_StateT>& __lhs, const fpos<_StateT>& __rhs)
      |     ^~~~~~~~
/usr/include/c++/11/bits/postypes.h:222:5: note:   template argument deduction/substitution failed:
In file included from /usr/include/c++/11/cstddef:49,
                 from /home/ubuntu/.conan2/p/b/gtestcb47be3c6b389/p/include/gtest/gtest.h:52,
                 from /home/ubuntu/rcu/test/test_rcu_protected.cpp:1:
/usr/include/c++/11/bits/stl_vector.h:1483:9: note:   ‘std::_Vector_base<RCUTest::TestObject*, wbrcu::NumaAllocator<RCUTest::TestObject*> >::_Tp_alloc_type’ {aka ‘std::allocator_traits<wbrcu::NumaAllocator<RCUTest::TestObject*> >::rebind_alloc<RCUTest::TestObject*>’} is not derived from ‘const std::fpos<_StateT>’
 1483 |         __glibcxx_assert(_Alloc_traits::propagate_on_container_swap::value
      |         ^~~~~~~~~~~~~~~~
In file included from /usr/include/c++/11/bits/basic_string.h:48,
                 from /usr/include/c++/11/string:55,
                 from /usr/include/c++/11/bits/locale_classes.h:40,
                 from /usr/include/c++/11/bits/ios_base.h:41,
                 from /usr/include/c++/11/ios:42,
                 from /usr/include/c++/11/ostream:38,
                 from /usr/include/c++/11/bits/unique_ptr.h:42,
                 from /usr/include/c++/11/memory:76,
                 from /home/ubuntu/.conan2/p/b/gtestcb47be3c6b389/p/include/gtest/gtest.h:55,
                 from /home/ubuntu/rcu/test/test_rcu_protected.cpp:1:
/usr/include/c++/11/string_view:535:5: note: candidate: ‘template<class _CharT, class _Traits> constexpr bool std::operator==(std::basic_string_view<_CharT, _Traits>, std::basic_string_view<_CharT, _Traits>)’
  535 |     operator==(basic_string_view<_CharT, _Traits> __x,
      |     ^~~~~~~~
/usr/include/c++/11/string_view:535:5: note:   template argument deduction/substitution failed:
In file included from /usr/include/c++/11/cstddef:49,
                 from /home/ubuntu/.conan2/p/b/gtestcb47be3c6b389/p/include/gtest/gtest.h:52,
                 from /home/ubuntu/rcu/test/test_rcu_protected.cpp:1:
/usr/include/c++/11/bits/stl_vector.h:1483:9: note:   ‘wbrcu::NumaAllocator<RCUTest::TestObject*>’ is not derived from ‘std::basic_string_view<_CharT, _Traits>’
 1483 |         __glibcxx_assert(_Alloc_traits::propagate_on_container_swap::value
      |         ^~~~~~~~~~~~~~~~
In file included from /usr/include/c++/11/string:55,
                 from /usr/include/c++/11/bits/locale_classes.h:40,
                 from /usr/include/c++/11/bits/ios_base.h:41,
                 from /usr/include/c++/11/ios:42,
                 from /usr/include/c++/11/ostream:38,
                 from /usr/include/c++/11/bits/unique_ptr.h:42,
                 from /usr/include/c++/11/memory:76,
                 from /home/ubuntu/.conan2/p/b/gtestcb47be3c6b389/p/include/gtest/gtest.h:55,
                 from /home/ubuntu/rcu/test/test_rcu_protected.cpp:1:
/usr/include/c++/11/bits/basic_string.h:6226:5: note: candidate: ‘template<class _CharT, class _Traits, class _Alloc> bool std::operator==(const std::__cxx11::basic_string<_CharT, _Traits, _Allocator>&, const std::__cxx11::basic_string<_CharT, _Traits, _Allocator>&)’
 6226 |     operator==(const basic_string<_CharT, _Traits, _Alloc>& __lhs,
      |     ^~~~~~~~
/usr/include/c++/11/bits/basic_string.h:6226:5: note:   template argument deduction/substitution failed:
In file included from /usr/include/c++/11/cstddef:49,
                 from /home/ubuntu/.conan2/p/b/gtestcb47be3c6b389/p/include/gtest/gtest.h:52,
                 from /home/ubuntu/rcu/test/test_rcu_protected.cpp:1:
/usr/include/c++/11/bits/stl_vector.h:1483:9: note:   ‘std::_Vector_base<RCUTest::TestObject*, wbrcu::NumaAllocator<RCUTest::TestObject*> >::_Tp_alloc_type’ {aka ‘std::allocator_traits<wbrcu::NumaAllocator<RCUTest::TestObject*> >::rebind_alloc<RCUTest::TestObject*>’} is not derived from ‘const std::__cxx11::basic_string<_CharT, _Traits, _Allocator>’
 1483 |         __glibcxx_assert(_Alloc_traits::propagate_on_container_swap::value
      |         ^~~~~~~~~~~~~~~~
In file included from /usr/include/c++/11/string:55,
                 from /usr/include/c++/11/bits/locale_classes.h:40,
                 from /usr/include/c++/11/bits/ios_base.h:41,
                 from /usr/include/c++/11/ios:42,
                 from /usr/include/c++/11/ostream:38,
                 from /usr/include/c++/11/bits/unique_ptr.h:42,
                 from /usr/include/c++/11/memory:76,
                 from /home/ubuntu/.conan2/p/b/gtestcb47be3c6b389/p/include/gtest/gtest.h:55,
                 from /home/ubuntu/rcu/test/test_rcu_protected.cpp:1:
/usr/include/c++/11/bits/basic_string.h:6234:5: note: candidate: ‘template<class _CharT> typename __gnu_cxx::__enable_if<std::__is_char<_Tp>::__value, bool>::__type std::operator==(const std::__cxx11::basic_string<_CharT>&, const std::__cxx11::basic_string<_CharT>&)’
 6234 |     operator==(const basic_string<_CharT>& __lhs,
      |     ^~~~~~~~
/usr/include/c++/11/bits/basic_string.h:6234:5: note:   template argument deduction/substitution failed:
In file included from /usr/include/c++/11/cstddef:49,
                 from /home/ubuntu/.conan2/p/b/gtestcb47be3c6b389/p/include/gtest/gtest.h:52,
                 from /home/ubuntu/rcu/test/test_rcu_protected.cpp:1:
/usr/include/c++/11/bits/stl_vector.h:1483:9: note:   ‘std::_Vector_base<RCUTest::TestObject*, wbrcu::NumaAllocator<RCUTest::TestObject*> >::_Tp_alloc_type’ {aka ‘std::allocator_traits<wbrcu::NumaAllocator<RCUTest::TestObject*> >::rebind_alloc<RCUTest::TestObject*>’} is not derived from ‘const std::__cxx11::basic_string<_CharT>’
 1483 |         __glibcxx_assert(_Alloc_traits::propagate_on_container_swap::value
      |         ^~~~~~~~~~~~~~~~
In file included from /usr/include/c++/11/bits/locale_facets.h:48,
                 from /usr/include/c++/11/bits/basic_ios.h:37,
                 from /usr/include/c++/11/ios:44,
                 from /usr/include/c++/11/ostream:38,
                 from /usr/include/c++/11/bits/unique_ptr.h:42,
                 from /usr/include/c++/11/memory:76,
                 from /home/ubuntu/.conan2/p/b/gtestcb47be3c6b389/p/include/gtest/gtest.h:55,
                 from /home/ubuntu/rcu/test/test_rcu_protected.cpp:1:
/usr/include/c++/11/bits/streambuf_iterator.h:226:5: note: candidate: ‘template<class _CharT, class _Traits> bool std::operator==(const std::istreambuf_iterator<_CharT, _Traits>&, const std::istreambuf_iterator<_CharT, _Traits>&)’
  226 |     operator==(const istreambuf_iterator<_CharT, _Traits>& __a,
      |     ^~~~~~~~
/usr/include/c++/11/bits/streambuf_iterator.h:226:5: note:   template argument deduction/substitution failed:
In file included from /usr/include/c++/11/cstddef:49,
                 from /home/ubuntu/.conan2/p/b/gtestcb47be3c6b389/p/include/gtest/gtest.h:52,
                 from /home/ubuntu/rcu/test/test_rcu_protected.cpp:1:
/usr/include/c++/11/bits/stl_vector.h:1483:9: note:   ‘std::_Vector_base<RCUTest::TestObject*, wbrcu::NumaAllocator<RCUTest::TestObject*> >::_Tp_alloc_type’ {aka ‘std::allocator_traits<wbrcu::NumaAllocator<RCUTest::TestObject*> >::rebind_alloc<RCUTest::TestObject*>’} is not derived from ‘const std::istreambuf_iterator<_CharT, _Traits>’
 1483 |         __glibcxx_assert(_Alloc_traits::propagate_on_container_swap::value
      |         ^~~~~~~~~~~~~~~~
In file included from /usr/include/c++/11/set:61,
                 from /home/ubuntu/.conan2/p/b/gtestcb47be3c6b389/p/include/gtest/gtest.h:57,
                 from /home/ubuntu/rcu/test/test_rcu_protected.cpp:1:
/usr/include/c++/11/bits/stl_set.h:985:5: note: candidate: ‘template<class _Key, class _Compare, class _Alloc> bool std::operator==(const std::set<_Key, _Compare, _Allocator>&, const std::set<_Key, _Compare, _Allocator>&)’
  985 |     operator==(const set<_Key, _Compare, _Alloc>& __x,
      |     ^~~~~~~~
/usr/include/c++/11/bits/stl_set.h:985:5: note:   template argument deduction/substitution failed:
In file included from /usr/include/c++/11/cstddef:49,
                 from /home/ubuntu/.conan2/p/b/gtestcb47be3c6b389/p/include/gtest/gtest.h:52,
                 from /home/ubuntu/rcu/test/test_rcu_protected.cpp:1:
/usr/include/c++/11/bits/stl_vector.h:1483:9: note:   ‘std::_Vector_base<RCUTest::TestObject*, wbrcu::NumaAllocator<RCUTest::TestObject*> >::_Tp_alloc_type’ {aka ‘std::allocator_traits<wbrcu::NumaAllocator<RCUTest::TestObject*> >::rebind_alloc<RCUTest::TestObject*>’} is not derived from ‘const std::set<_Key, _Compare, _Allocator>’
 1483 |         __glibcxx_assert(_Alloc_traits::propagate_on_container_swap::value
      |         ^~~~~~~~~~~~~~~~
In file included from /usr/include/c++/11/set:62,
                 from /home/ubuntu/.conan2/p/b/gtestcb47be3c6b389/p/include/gtest/gtest.h:57,
                 from /home/ubuntu/rcu/test/test_rcu_protected.cpp:1:
/usr/include/c++/11/bits/stl_multiset.h:971:5: note: candidate: ‘template<class _Key, class _Compare, class _Alloc> bool std::operator==(const std::multiset<_Key, _Compare, _Allocator>&, const std::multiset<_Key, _Compare, _Allocator>&)’
  971 |     operator==(const multiset<_Key, _Compare, _Alloc>& __x,
      |     ^~~~~~~~
/usr/include/c++/11/bits/stl_multiset.h:971:5: note:   template argument deduction/substitution failed:
In file included from /usr/include/c++/11/cstddef:49,
                 from /home/ubuntu/.conan2/p/b/gtestcb47be3c6b389/p/include/gtest/gtest.h:52,
                 from /home/ubuntu/rcu/test/test_rcu_protected.cpp:1:
/usr/include/c++/11/bits/stl_vector.h:1483:9: note:   ‘std::_Vector_base<RCUTest::TestObject*, wbrcu::NumaAllocator<RCUTest::TestObject*> >::_Tp_alloc_type’ {aka ‘std::allocator_traits<wbrcu::NumaAllocator<RCUTest::TestObject*> >::rebind_alloc<RCUTest::TestObject*>’} is not derived from ‘const std::multiset<_Key, _Compare, _Allocator>’
 1483 |         __glibcxx_assert(_Alloc_traits::propagate_on_container_swap::value
      |         ^~~~~~~~~~~~~~~~
In file included from /usr/include/c++/11/vector:67,
                 from /home/ubuntu/.conan2/p/b/gtestcb47be3c6b389/p/include/gtest/gtest.h:61,
                 from /home/ubuntu/rcu/test/test_rcu_protected.cpp:1:
/usr/include/c++/11/bits/stl_vector.h:1892:5: note: candidate: ‘template<class _Tp, class _Alloc> bool std::operator==(const std::vector<_Tp, _Alloc>&, const std::vector<_Tp, _Alloc>&)’
 1892 |     operator==(const vector<_Tp, _Alloc>& __x, const vector<_Tp, _Alloc>& __y)
      |     ^~~~~~~~
/usr/include/c++/11/bits/stl_vector.h:1892:5: note:   template argument deduction/substitution failed:
In file included from /usr/include/c++/11/cstddef:49,
                 from /home/ubuntu/.conan2/p/b/gtestcb47be3c6b389/p/include/gtest/gtest.h:52,
                 from /home/ubuntu/rcu/test/test_rcu_protected.cpp:1:
/usr/include/c++/11/bits/stl_vector.h:1483:9: note:   ‘std::_Vector_base<RCUTest::TestObject*, wbrcu::NumaAllocator<RCUTest::TestObject*> >::_Tp_alloc_type’ {aka ‘std::allocator_traits<wbrcu::NumaAllocator<RCUTest::TestObject*> >::rebind_alloc<RCUTest::TestObject*>’} is not derived from ‘const std::vector<_Tp, _Alloc>’
 1483 |         __glibcxx_assert(_Alloc_traits::propagate_on_container_swap::value
      |         ^~~~~~~~~~~~~~~~
In file included from /home/ubuntu/.conan2/p/b/gtestcb47be3c6b389/p/include/gtest/internal/gtest-port.h:2515,
                 from /home/ubuntu/.conan2/p/b/gtestcb47be3c6b389/p/include/gtest/gtest-message.h:57,
                 from /home/ubuntu/.conan2/p/b/gtestcb47be3c6b389/p/include/gtest/gtest-assertion-result.h:46,
                 from /home/ubuntu/.conan2/p/b/gtestcb47be3c6b389/p/include/gtest/gtest.h:63,
                 from /home/ubuntu/rcu/test/test_rcu_protected.cpp:1:
/usr/include/c++/11/variant:1232:3: note: candidate: ‘template<class ... _Types> constexpr bool std::operator==(const std::variant<_Types ...>&, const std::variant<_Types ...>&)’
 1232 |   _VARIANT_RELATION_FUNCTION_TEMPLATE(==, equal)
      |   ^~~~~~~~~~~~~~~~~~~~~~~~~~~~~~~~~~~
/usr/include/c++/11/variant:1232:3: note:   template argument deduction/substitution failed:
In file included from /usr/include/c++/11/cstddef:49,
                 from /home/ubuntu/.conan2/p/b/gtestcb47be3c6b389/p/include/gtest/gtest.h:52,
                 from /home/ubuntu/rcu/test/test_rcu_protected.cpp:1:
/usr/include/c++/11/bits/stl_vector.h:1483:9: note:   ‘std::_Vector_base<RCUTest::TestObject*, wbrcu::NumaAllocator<RCUTest::TestObject*> >::_Tp_alloc_type’ {aka ‘std::allocator_traits<wbrcu::NumaAllocator<RCUTest::TestObject*> >::rebind_alloc<RCUTest::TestObject*>’} is not derived from ‘const std::variant<_Types ...>’
 1483 |         __glibcxx_assert(_Alloc_traits::propagate_on_container_swap::value
      |         ^~~~~~~~~~~~~~~~
In file included from /usr/include/c++/11/unordered_map:47,
                 from /usr/include/c++/11/functional:61,
                 from /home/ubuntu/.conan2/p/b/gtestcb47be3c6b389/p/include/gtest/gtest-matchers.h:43,
                 from /home/ubuntu/.conan2/p/b/gtestcb47be3c6b389/p/include/gtest/internal/gtest-death-test-internal.h:47,
                 from /home/ubuntu/.conan2/p/b/gtestcb47be3c6b389/p/include/gtest/gtest-death-test.h:43,
                 from /home/ubuntu/.conan2/p/b/gtestcb47be3c6b389/p/include/gtest/gtest.h:64,
                 from /home/ubuntu/rcu/test/test_rcu_protected.cpp:1:
/usr/include/c++/11/bits/unordered_map.h:2134:5: note: candidate: ‘template<class _Key1, class _Tp1, class _Hash1, class _Pred1, class _Alloc1> bool std::operator==(const std::unordered_map<_Key1, _Tp1, _Hash1, _Pred1, _Alloc1>&, const std::unordered_map<_Key1, _Tp1, _Hash1, _Pred1, _Alloc1>&)’
 2134 |     operator==(const unordered_map<_Key, _Tp, _Hash, _Pred, _Alloc>& __x,
      |     ^~~~~~~~
/usr/include/c++/11/bits/unordered_map.h:2134:5: note:   template argument deduction/substitution failed:
In file included from /usr/include/c++/11/cstddef:49,
                 from /home/ubuntu/.conan2/p/b/gtestcb47be3c6b389/p/include/gtest/gtest.h:52,
                 from /home/ubuntu/rcu/test/test_rcu_protected.cpp:1:
/usr/include/c++/11/bits/stl_vector.h:1483:9: note:   ‘std::_Vector_base<RCUTest::TestObject*, wbrcu::NumaAllocator<RCUTest::TestObject*> >::_Tp_alloc_type’ {aka ‘std::allocator_traits<wbrcu::NumaAllocator<RCUTest::TestObject*> >::rebind_alloc<RCUTest::TestObject*>’} is not derived from ‘const std::unordered_map<_Key1, _Tp1, _Hash1, _Pred1, _Alloc1>’
 1483 |         __glibcxx_assert(_Alloc_traits::propagate_on_container_swap::value
      |         ^~~~~~~~~~~~~~~~
In file included from /usr/include/c++/11/unordered_map:47,
                 from /usr/include/c++/11/functional:61,
                 from /home/ubuntu/.conan2/p/b/gtestcb47be3c6b389/p/include/gtest/gtest-matchers.h:43,
                 from /home/ubuntu/.conan2/p/b/gtestcb47be3c6b389/p/include/gtest/internal/gtest-death-test-internal.h:47,
                 from /home/ubuntu/.conan2/p/b/gtestcb47be3c6b389/p/include/gtest/gtest-death-test.h:43,
                 from /home/ubuntu/.conan2/p/b/gtestcb47be3c6b389/p/include/gtest/gtest.h:64,
                 from /home/ubuntu/rcu/test/test_rcu_protected.cpp:1:
/usr/include/c++/11/bits/unordered_map.h:2148:5: note: candidate: ‘template<class _Key1, class _Tp1, class _Hash1, class _Pred1, class _Alloc1> bool std::operator==(const std::unordered_multimap<_Key1, _Tp1, _Hash1, _Pred1, _Alloc1>&, const std::unordered_multimap<_Key1, _Tp1, _Hash1, _Pred1, _Alloc1>&)’
 2148 |     operator==(const unordered_multimap<_Key, _Tp, _Hash, _Pred, _Alloc>& __x,
      |     ^~~~~~~~
/usr/include/c++/11/bits/unordered_map.h:2148:5: note:   template argument deduction/substitution failed:
In file included from /usr/include/c++/11/cstddef:49,
                 from /home/ubuntu/.conan2/p/b/gtestcb47be3c6b389/p/include/gtest/gtest.h:52,
                 from /home/ubuntu/rcu/test/test_rcu_protected.cpp:1:
/usr/include/c++/11/bits/stl_vector.h:1483:9: note:   ‘std::_Vector_base<RCUTest::TestObject*, wbrcu::NumaAllocator<RCUTest::TestObject*> >::_Tp_alloc_type’ {aka ‘std::allocator_traits<wbrcu::NumaAllocator<RCUTest::TestObject*> >::rebind_alloc<RCUTest::TestObject*>’} is not derived from ‘const std::unordered_multimap<_Key1, _Tp1, _Hash1, _Pred1, _Alloc1>’
 1483 |         __glibcxx_assert(_Alloc_traits::propagate_on_container_swap::value
      |         ^~~~~~~~~~~~~~~~
In file included from /usr/include/c++/11/map:61,
                 from /home/ubuntu/.conan2/p/b/gtestcb47be3c6b389/p/include/gtest/internal/gtest-internal.h:62,
                 from /home/ubuntu/.conan2/p/b/gtestcb47be3c6b389/p/include/gtest/gtest-printers.h:122,
                 from /home/ubuntu/.conan2/p/b/gtestcb47be3c6b389/p/include/gtest/gtest-matchers.h:49,
                 from /home/ubuntu/.conan2/p/b/gtestcb47be3c6b389/p/include/gtest/internal/gtest-death-test-internal.h:47,
                 from /home/ubuntu/.conan2/p/b/gtestcb47be3c6b389/p/include/gtest/gtest-death-test.h:43,
                 from /home/ubuntu/.conan2/p/b/gtestcb47be3c6b389/p/include/gtest/gtest.h:64,
                 from /home/ubuntu/rcu/test/test_rcu_protected.cpp:1:
/usr/include/c++/11/bits/stl_map.h:1463:5: note: candidate: ‘template<class _Key, class _Tp, class _Compare, class _Alloc> bool std::operator==(const std::map<_Key, _Tp, _Compare, _Allocator>&, const std::map<_Key, _Tp, _Compare, _Allocator>&)’
 1463 |     operator==(const map<_Key, _Tp, _Compare, _Alloc>& __x,
      |     ^~~~~~~~
/usr/include/c++/11/bits/stl_map.h:1463:5: note:   template argument deduction/substitution failed:
In file included from /usr/include/c++/11/cstddef:49,
                 from /home/ubuntu/.conan2/p/b/gtestcb47be3c6b389/p/include/gtest/gtest.h:52,
                 from /home/ubuntu/rcu/test/test_rcu_protected.cpp:1:
/usr/include/c++/11/bits/stl_vector.h:1483:9: note:   ‘std::_Vector_base<RCUTest::TestObject*, wbrcu::NumaAllocator<RCUTest::TestObject*> >::_Tp_alloc_type’ {aka ‘std::allocator_traits<wbrcu::NumaAllocator<RCUTest::TestObject*> >::rebind_alloc<RCUTest::TestObject*>’} is not derived from ‘const std::map<_Key, _Tp, _Compare, _Allocator>’
 1483 |         __glibcxx_assert(_Alloc_traits::propagate_on_container_swap::value
      |         ^~~~~~~~~~~~~~~~
In file included from /usr/include/c++/11/map:62,
                 from /home/ubuntu/.conan2/p/b/gtestcb47be3c6b389/p/include/gtest/internal/gtest-internal.h:62,
                 from /home/ubuntu/.conan2/p/b/gtestcb47be3c6b389/p/include/gtest/gtest-printers.h:122,
                 from /home/ubuntu/.conan2/p/b/gtestcb47be3c6b389/p/include/gtest/gtest-matchers.h:49,
                 from /home/ubuntu/.conan2/p/b/gtestcb47be3c6b389/p/include/gtest/internal/gtest-death-test-internal.h:47,
                 from /home/ubuntu/.conan2/p/b/gtestcb47be3c6b389/p/include/gtest/gtest-death-test.h:43,
                 from /home/ubuntu/.conan2/p/b/gtestcb47be3c6b389/p/include/gtest/gtest.h:64,
                 from /home/ubuntu/rcu/test/test_rcu_protected.cpp:1:
/usr/include/c++/11/bits/stl_multimap.h:1128:5: note: candidate: ‘template<class _Key, class _Tp, class _Compare, class _Alloc> bool std::operator==(const std::multimap<_Key, _Tp, _Compare, _Allocator>&, const std::multimap<_Key, _Tp, _Compare, _Allocator>&)’
 1128 |     operator==(const multimap<_Key, _Tp, _Compare, _Alloc>& __x,
      |     ^~~~~~~~
/usr/include/c++/11/bits/stl_multimap.h:1128:5: note:   template argument deduction/substitution failed:
In file included from /usr/include/c++/11/cstddef:49,
                 from /home/ubuntu/.conan2/p/b/gtestcb47be3c6b389/p/include/gtest/gtest.h:52,
                 from /home/ubuntu/rcu/test/test_rcu_protected.cpp:1:
/usr/include/c++/11/bits/stl_vector.h:1483:9: note:   ‘std::_Vector_base<RCUTest::TestObject*, wbrcu::NumaAllocator<RCUTest::TestObject*> >::_Tp_alloc_type’ {aka ‘std::allocator_traits<wbrcu::NumaAllocator<RCUTest::TestObject*> >::rebind_alloc<RCUTest::TestObject*>’} is not derived from ‘const std::multimap<_Key, _Tp, _Compare, _Allocator>’
 1483 |         __glibcxx_assert(_Alloc_traits::propagate_on_container_swap::value
      |         ^~~~~~~~~~~~~~~~
In file included from /usr/include/c++/11/unordered_set:47,
                 from /home/ubuntu/.conan2/p/folly902b1b047e430/p/include/folly/detail/ThreadLocalDetail.h:27,
                 from /home/ubuntu/.conan2/p/folly902b1b047e430/p/include/folly/ThreadLocal.h:60,
                 from /home/ubuntu/rcu/include/wbrcu/detail/ThreadCachedReaders.hpp:3,
                 from /home/ubuntu/rcu/include/wbrcu/rcu_protected.hpp:3,
                 from /home/ubuntu/rcu/test/test_rcu_protected.cpp:4:
/usr/include/c++/11/bits/unordered_set.h:1804:5: note: candidate: ‘template<class _Value1, class _Hash1, class _Pred1, class _Alloc1> bool std::operator==(const std::unordered_set<_Value1, _Hash1, _Pred1, _Alloc1>&, const std::unordered_set<_Value1, _Hash1, _Pred1, _Alloc1>&)’
 1804 |     operator==(const unordered_set<_Value, _Hash, _Pred, _Alloc>& __x,
      |     ^~~~~~~~
/usr/include/c++/11/bits/unordered_set.h:1804:5: note:   template argument deduction/substitution failed:
In file included from /usr/include/c++/11/cstddef:49,
                 from /home/ubuntu/.conan2/p/b/gtestcb47be3c6b389/p/include/gtest/gtest.h:52,
                 from /home/ubuntu/rcu/test/test_rcu_protected.cpp:1:
/usr/include/c++/11/bits/stl_vector.h:1483:9: note:   ‘std::_Vector_base<RCUTest::TestObject*, wbrcu::NumaAllocator<RCUTest::TestObject*> >::_Tp_alloc_type’ {aka ‘std::allocator_traits<wbrcu::NumaAllocator<RCUTest::TestObject*> >::rebind_alloc<RCUTest::TestObject*>’} is not derived from ‘const std::unordered_set<_Value1, _Hash1, _Pred1, _Alloc1>’
 1483 |         __glibcxx_assert(_Alloc_traits::propagate_on_container_swap::value
      |         ^~~~~~~~~~~~~~~~
In file included from /usr/include/c++/11/unordered_set:47,
                 from /home/ubuntu/.conan2/p/folly902b1b047e430/p/include/folly/detail/ThreadLocalDetail.h:27,
                 from /home/ubuntu/.conan2/p/folly902b1b047e430/p/include/folly/ThreadLocal.h:60,
                 from /home/ubuntu/rcu/include/wbrcu/detail/ThreadCachedReaders.hpp:3,
                 from /home/ubuntu/rcu/include/wbrcu/rcu_protected.hpp:3,
                 from /home/ubuntu/rcu/test/test_rcu_protected.cpp:4:
/usr/include/c++/11/bits/unordered_set.h:1818:5: note: candidate: ‘template<class _Value1, class _Hash1, class _Pred1, class _Alloc1> bool std::operator==(const std::unordered_multiset<_Value1, _Hash1, _Pred1, _Alloc1>&, const std::unordered_multiset<_Value1, _Hash1, _Pred1, _Alloc1>&)’
 1818 |     operator==(const unordered_multiset<_Value, _Hash, _Pred, _Alloc>& __x,
      |     ^~~~~~~~
/usr/include/c++/11/bits/unordered_set.h:1818:5: note:   template argument deduction/substitution failed:
In file included from /usr/include/c++/11/cstddef:49,
                 from /home/ubuntu/.conan2/p/b/gtestcb47be3c6b389/p/include/gtest/gtest.h:52,
                 from /home/ubuntu/rcu/test/test_rcu_protected.cpp:1:
/usr/include/c++/11/bits/stl_vector.h:1483:9: note:   ‘std::_Vector_base<RCUTest::TestObject*, wbrcu::NumaAllocator<RCUTest::TestObject*> >::_Tp_alloc_type’ {aka ‘std::allocator_traits<wbrcu::NumaAllocator<RCUTest::TestObject*> >::rebind_alloc<RCUTest::TestObject*>’} is not derived from ‘const std::unordered_multiset<_Value1, _Hash1, _Pred1, _Alloc1>’
 1483 |         __glibcxx_assert(_Alloc_traits::propagate_on_container_swap::value
      |         ^~~~~~~~~~~~~~~~
In file included from /usr/include/c++/11/list:63,
                 from /home/ubuntu/.conan2/p/folly902b1b047e430/p/include/folly/system/AtFork.h:21,
                 from /home/ubuntu/.conan2/p/folly902b1b047e430/p/include/folly/detail/ThreadLocalDetail.h:48,
                 from /home/ubuntu/.conan2/p/folly902b1b047e430/p/include/folly/ThreadLocal.h:60,
                 from /home/ubuntu/rcu/include/wbrcu/detail/ThreadCachedReaders.hpp:3,
                 from /home/ubuntu/rcu/include/wbrcu/rcu_protected.hpp:3,
                 from /home/ubuntu/rcu/test/test_rcu_protected.cpp:4:
/usr/include/c++/11/bits/stl_list.h:2030:5: note: candidate: ‘template<class _Tp, class _Alloc> bool std::operator==(const std::__cxx11::list<_Tp, _Alloc>&, const std::__cxx11::list<_Tp, _Alloc>&)’
 2030 |     operator==(const list<_Tp, _Alloc>& __x, const list<_Tp, _Alloc>& __y)
      |     ^~~~~~~~
/usr/include/c++/11/bits/stl_list.h:2030:5: note:   template argument deduction/substitution failed:
In file included from /usr/include/c++/11/cstddef:49,
                 from /home/ubuntu/.conan2/p/b/gtestcb47be3c6b389/p/include/gtest/gtest.h:52,
                 from /home/ubuntu/rcu/test/test_rcu_protected.cpp:1:
/usr/include/c++/11/bits/stl_vector.h:1483:9: note:   ‘std::_Vector_base<RCUTest::TestObject*, wbrcu::NumaAllocator<RCUTest::TestObject*> >::_Tp_alloc_type’ {aka ‘std::allocator_traits<wbrcu::NumaAllocator<RCUTest::TestObject*> >::rebind_alloc<RCUTest::TestObject*>’} is not derived from ‘const std::__cxx11::list<_Tp, _Alloc>’
 1483 |         __glibcxx_assert(_Alloc_traits::propagate_on_container_swap::value
      |         ^~~~~~~~~~~~~~~~
In file included from /usr/include/c++/11/bits/ios_base.h:46,
                 from /usr/include/c++/11/ios:42,
                 from /usr/include/c++/11/ostream:38,
                 from /usr/include/c++/11/bits/unique_ptr.h:42,
                 from /usr/include/c++/11/memory:76,
                 from /home/ubuntu/.conan2/p/b/gtestcb47be3c6b389/p/include/gtest/gtest.h:55,
                 from /home/ubuntu/rcu/test/test_rcu_protected.cpp:1:
/usr/include/c++/11/system_error:362:3: note: candidate: ‘bool std::operator==(const std::error_code&, const std::error_code&)’
  362 |   operator==(const error_code& __lhs, const error_code& __rhs) noexcept
      |   ^~~~~~~~
/usr/include/c++/11/system_error:362:32: note:   no known conversion for argument 1 from ‘std::_Vector_base<RCUTest::TestObject*, wbrcu::NumaAllocator<RCUTest::TestObject*> >::_Tp_alloc_type’ {aka ‘std::allocator_traits<wbrcu::NumaAllocator<RCUTest::TestObject*> >::rebind_alloc<RCUTest::TestObject*>’} to ‘const std::error_code&’
  362 |   operator==(const error_code& __lhs, const error_code& __rhs) noexcept
      |              ~~~~~~~~~~~~~~~~~~^~~~~
/usr/include/c++/11/system_error:376:3: note: candidate: ‘bool std::operator==(const std::error_condition&, const std::error_condition&)’
  376 |   operator==(const error_condition& __lhs,
      |   ^~~~~~~~
/usr/include/c++/11/system_error:376:37: note:   no known conversion for argument 1 from ‘std::_Vector_base<RCUTest::TestObject*, wbrcu::NumaAllocator<RCUTest::TestObject*> >::_Tp_alloc_type’ {aka ‘std::allocator_traits<wbrcu::NumaAllocator<RCUTest::TestObject*> >::rebind_alloc<RCUTest::TestObject*>’} to ‘const std::error_condition&’
  376 |   operator==(const error_condition& __lhs,
      |              ~~~~~~~~~~~~~~~~~~~~~~~^~~~~
In file included from /usr/include/c++/11/stop_token:35,
                 from /usr/include/c++/11/condition_variable:47,
                 from /home/ubuntu/.conan2/p/b/gtestcb47be3c6b389/p/include/gtest/internal/gtest-port.h:860,
                 from /home/ubuntu/.conan2/p/b/gtestcb47be3c6b389/p/include/gtest/gtest-message.h:57,
                 from /home/ubuntu/.conan2/p/b/gtestcb47be3c6b389/p/include/gtest/gtest-assertion-result.h:46,
                 from /home/ubuntu/.conan2/p/b/gtestcb47be3c6b389/p/include/gtest/gtest.h:63,
                 from /home/ubuntu/rcu/test/test_rcu_protected.cpp:1:
/usr/include/c++/11/bits/std_thread.h:287:3: note: candidate: ‘bool std::operator==(std::thread::id, std::thread::id)’
  287 |   operator==(thread::id __x, thread::id __y) noexcept
      |   ^~~~~~~~
/usr/include/c++/11/bits/std_thread.h:287:25: note:   no known conversion for argument 1 from ‘std::_Vector_base<RCUTest::TestObject*, wbrcu::NumaAllocator<RCUTest::TestObject*> >::_Tp_alloc_type’ {aka ‘std::allocator_traits<wbrcu::NumaAllocator<RCUTest::TestObject*> >::rebind_alloc<RCUTest::TestObject*>’} to ‘std::thread::id’
  287 |   operator==(thread::id __x, thread::id __y) noexcept
      |              ~~~~~~~~~~~^~~
In file included from /home/ubuntu/.conan2/p/b/gtestcb47be3c6b389/p/include/gtest/internal/gtest-port.h:2515,
                 from /home/ubuntu/.conan2/p/b/gtestcb47be3c6b389/p/include/gtest/gtest-message.h:57,
                 from /home/ubuntu/.conan2/p/b/gtestcb47be3c6b389/p/include/gtest/gtest-assertion-result.h:46,
                 from /home/ubuntu/.conan2/p/b/gtestcb47be3c6b389/p/include/gtest/gtest.h:63,
                 from /home/ubuntu/rcu/test/test_rcu_protected.cpp:1:
/usr/include/c++/11/variant:1239:18: note: candidate: ‘constexpr bool std::operator==(std::monostate, std::monostate)’
 1239 |   constexpr bool operator==(monostate, monostate) noexcept { return true; }
      |                  ^~~~~~~~
/usr/include/c++/11/variant:1239:29: note:   no known conversion for argument 1 from ‘std::_Vector_base<RCUTest::TestObject*, wbrcu::NumaAllocator<RCUTest::TestObject*> >::_Tp_alloc_type’ {aka ‘std::allocator_traits<wbrcu::NumaAllocator<RCUTest::TestObject*> >::rebind_alloc<RCUTest::TestObject*>’} to ‘std::monostate’
 1239 |   constexpr bool operator==(monostate, monostate) noexcept { return true; }
      |                             ^~~~~~~~~
In file included from /home/ubuntu/.conan2/p/folly902b1b047e430/p/include/folly/coro/Coroutine.h:41,
                 from /home/ubuntu/.conan2/p/folly902b1b047e430/p/include/folly/experimental/coro/Coroutine.h:17,
                 from /home/ubuntu/.conan2/p/folly902b1b047e430/p/include/folly/Expected.h:1587,
                 from /home/ubuntu/.conan2/p/folly902b1b047e430/p/include/folly/Conv.h:135,
                 from /home/ubuntu/.conan2/p/folly902b1b047e430/p/include/folly/Exception.h:25,
                 from /home/ubuntu/.conan2/p/folly902b1b047e430/p/include/folly/detail/ThreadLocalDetail.h:32,
                 from /home/ubuntu/.conan2/p/folly902b1b047e430/p/include/folly/ThreadLocal.h:60,
                 from /home/ubuntu/rcu/include/wbrcu/detail/ThreadCachedReaders.hpp:3,
                 from /home/ubuntu/rcu/include/wbrcu/rcu_protected.hpp:3,
                 from /home/ubuntu/rcu/test/test_rcu_protected.cpp:4:
/usr/include/c++/11/coroutine:137:3: note: candidate: ‘constexpr bool std::__n4861::operator==(std::__n4861::coroutine_handle<void>, std::__n4861::coroutine_handle<void>)’
  137 |   operator==(coroutine_handle<> __a, coroutine_handle<> __b) noexcept
      |   ^~~~~~~~
/usr/include/c++/11/coroutine:137:33: note:   no known conversion for argument 1 from ‘std::_Vector_base<RCUTest::TestObject*, wbrcu::NumaAllocator<RCUTest::TestObject*> >::_Tp_alloc_type’ {aka ‘std::allocator_traits<wbrcu::NumaAllocator<RCUTest::TestObject*> >::rebind_alloc<RCUTest::TestObject*>’} to ‘std::__n4861::coroutine_handle<void>’
  137 |   operator==(coroutine_handle<> __a, coroutine_handle<> __b) noexcept
      |              ~~~~~~~~~~~~~~~~~~~^~~
In file included from /usr/include/c++/11/memory:66,
                 from /home/ubuntu/.conan2/p/b/gtestcb47be3c6b389/p/include/gtest/gtest.h:55,
                 from /home/ubuntu/rcu/test/test_rcu_protected.cpp:1:
/usr/include/c++/11/bits/stl_uninitialized.h: In instantiation of ‘_ForwardIterator std::uninitialized_copy(_InputIterator, _InputIterator, _ForwardIterator) [with _InputIterator = std::move_iterator<std::atomic<RCUTest::TestObject*>*>; _ForwardIterator = std::atomic<RCUTest::TestObject*>*]’:
/usr/include/c++/11/bits/stl_uninitialized.h:333:37:   required from ‘_ForwardIterator std::__uninitialized_copy_a(_InputIterator, _InputIterator, _ForwardIterator, std::allocator<_Tp>&) [with _InputIterator = std::move_iterator<std::atomic<RCUTest::TestObject*>*>; _ForwardIterator = std::atomic<RCUTest::TestObject*>*; _Tp = std::atomic<RCUTest::TestObject*>]’
/usr/include/c++/11/bits/stl_uninitialized.h:355:2:   required from ‘_ForwardIterator std::__uninitialized_move_if_noexcept_a(_InputIterator, _InputIterator, _ForwardIterator, _Allocator&) [with _InputIterator = std::atomic<RCUTest::TestObject*>*; _ForwardIterator = std::atomic<RCUTest::TestObject*>*; _Allocator = std::allocator<std::atomic<RCUTest::TestObject*> >]’
/usr/include/c++/11/bits/vector.tcc:659:48:   required from ‘void std::vector<_Tp, _Alloc>::_M_default_append(std::vector<_Tp, _Alloc>::size_type) [with _Tp = std::atomic<RCUTest::TestObject*>; _Alloc = std::allocator<std::atomic<RCUTest::TestObject*> >; std::vector<_Tp, _Alloc>::size_type = long unsigned int]’
/usr/include/c++/11/bits/stl_vector.h:940:4:   required from ‘void std::vector<_Tp, _Alloc>::resize(std::vector<_Tp, _Alloc>::size_type) [with _Tp = std::atomic<RCUTest::TestObject*>; _Alloc = std::allocator<std::atomic<RCUTest::TestObject*> >; std::vector<_Tp, _Alloc>::size_type = long unsigned int]’
/home/ubuntu/rcu/include/wbrcu/rcu_protected.hpp:89:27:   required from ‘wbrcu::rcu_protected<T, TagId, flushingThreshold>::rcu_protected(T*) [with T = RCUTest::TestObject; long unsigned int TagId = 0; long unsigned int flushingThreshold = 20]’
/home/ubuntu/rcu/test/test_rcu_protected.cpp:13:63:   required from here
/usr/include/c++/11/bits/stl_uninitialized.h:138:72: error: static assertion failed: result type must be constructible from value type of input range
  138 |       static_assert(is_constructible<_ValueType2, decltype(*__first)>::value,
      |                                                                        ^~~~~
/usr/include/c++/11/bits/stl_uninitialized.h:138:72: note: ‘std::integral_constant<bool, false>::value’ evaluates to false
In file included from /usr/include/c++/11/vector:67,
                 from /home/ubuntu/.conan2/p/b/gtestcb47be3c6b389/p/include/gtest/gtest.h:61,
                 from /home/ubuntu/rcu/test/test_rcu_protected.cpp:1:
/usr/include/c++/11/bits/stl_vector.h: In instantiation of ‘std::_Vector_base<_Tp, _Alloc>::_Vector_impl::_Vector_impl() [with _Tp = RCUTest::TestObject*; _Alloc = wbrcu::NumaAllocator<RCUTest::TestObject*>]’:
/usr/include/c++/11/bits/stl_vector.h:288:7:   required from ‘constexpr decltype (::new(void*(0)) _Tp) std::construct_at(_Tp*, _Args&& ...) [with _Tp = std::vector<RCUTest::TestObject*, wbrcu::NumaAllocator<RCUTest::TestObject*> >; _Args = {}; decltype (::new(void*(0)) _Tp) = std::vector<RCUTest::TestObject*, wbrcu::NumaAllocator<RCUTest::TestObject*> >*]’
/usr/include/c++/11/bits/stl_construct.h:115:4:   required from ‘constexpr void std::_Construct(_Tp*, _Args&& ...) [with _Tp = std::vector<RCUTest::TestObject*, wbrcu::NumaAllocator<RCUTest::TestObject*> >; _Args = {}]’
/usr/include/c++/11/bits/stl_uninitialized.h:579:18:   required from ‘static _ForwardIterator std::__uninitialized_default_n_1<_TrivialValueType>::__uninit_default_n(_ForwardIterator, _Size) [with _ForwardIterator = std::vector<RCUTest::TestObject*, wbrcu::NumaAllocator<RCUTest::TestObject*> >*; _Size = long unsigned int; bool _TrivialValueType = false]’
/usr/include/c++/11/bits/stl_uninitialized.h:640:20:   required from ‘_ForwardIterator std::__uninitialized_default_n(_ForwardIterator, _Size) [with _ForwardIterator = std::vector<RCUTest::TestObject*, wbrcu::NumaAllocator<RCUTest::TestObject*> >*; _Size = long unsigned int]’
/usr/include/c++/11/bits/stl_uninitialized.h:704:44:   required from ‘_ForwardIterator std::__uninitialized_default_n_a(_ForwardIterator, _Size, std::allocator<_Tp>&) [with _ForwardIterator = std::vector<RCUTest::TestObject*, wbrcu::NumaAllocator<RCUTest::TestObject*> >*; _Size = long unsigned int; _Tp = std::vector<RCUTest::TestObject*, wbrcu::NumaAllocator<RCUTest::TestObject*> >]’
/usr/include/c++/11/bits/vector.tcc:627:35:   required from ‘void std::vector<_Tp, _Alloc>::_M_default_append(std::vector<_Tp, _Alloc>::size_type) [with _Tp = std::vector<RCUTest::TestObject*, wbrcu::NumaAllocator<RCUTest::TestObject*> >; _Alloc = std::allocator<std::vector<RCUTest::TestObject*, wbrcu::NumaAllocator<RCUTest::TestObject*> > >; std::vector<_Tp, _Alloc>::size_type = long unsigned int]’
/usr/include/c++/11/bits/stl_vector.h:940:4:   required from ‘void std::vector<_Tp, _Alloc>::resize(std::vector<_Tp, _Alloc>::size_type) [with _Tp = std::vector<RCUTest::TestObject*, wbrcu::NumaAllocator<RCUTest::TestObject*> >; _Alloc = std::allocator<std::vector<RCUTest::TestObject*, wbrcu::NumaAllocator<RCUTest::TestObject*> > >; std::vector<_Tp, _Alloc>::size_type = long unsigned int]’
/home/ubuntu/rcu/include/wbrcu/rcu_protected.hpp:90:31:   required from ‘wbrcu::rcu_protected<T, TagId, flushingThreshold>::rcu_protected(T*) [with T = RCUTest::TestObject; long unsigned int TagId = 0; long unsigned int flushingThreshold = 20]’
/home/ubuntu/rcu/test/test_rcu_protected.cpp:13:63:   required from here
/usr/include/c++/11/bits/stl_vector.h:133:26: error: no matching function for call to ‘wbrcu::NumaAllocator<RCUTest::TestObject*>::NumaAllocator()’
  133 |         : _Tp_alloc_type()
      |                          ^
In file included from /home/ubuntu/rcu/test/test_rcu_protected.cpp:4:
/home/ubuntu/rcu/include/wbrcu/rcu_protected.hpp:59:5: note: candidate: ‘wbrcu::NumaAllocator<T>::NumaAllocator(int) [with T = RCUTest::TestObject*]’
   59 |     NumaAllocator(int numa_node) : node(numa_node) {}
      |     ^~~~~~~~~~~~~
/home/ubuntu/rcu/include/wbrcu/rcu_protected.hpp:59:5: note:   candidate expects 1 argument, 0 provided
/home/ubuntu/rcu/include/wbrcu/rcu_protected.hpp:55:8: note: candidate: ‘constexpr wbrcu::NumaAllocator<RCUTest::TestObject*>::NumaAllocator(const wbrcu::NumaAllocator<RCUTest::TestObject*>&)’
   55 | struct NumaAllocator {
      |        ^~~~~~~~~~~~~
/home/ubuntu/rcu/include/wbrcu/rcu_protected.hpp:55:8: note:   candidate expects 1 argument, 0 provided
/home/ubuntu/rcu/include/wbrcu/rcu_protected.hpp:55:8: note: candidate: ‘constexpr wbrcu::NumaAllocator<RCUTest::TestObject*>::NumaAllocator(wbrcu::NumaAllocator<RCUTest::TestObject*>&&)’
/home/ubuntu/rcu/include/wbrcu/rcu_protected.hpp:55:8: note:   candidate expects 1 argument, 0 provided
In file included from /usr/include/c++/11/stop_token:35,
                 from /usr/include/c++/11/condition_variable:47,
                 from /home/ubuntu/.conan2/p/b/gtestcb47be3c6b389/p/include/gtest/internal/gtest-port.h:860,
                 from /home/ubuntu/.conan2/p/b/gtestcb47be3c6b389/p/include/gtest/gtest-message.h:57,
                 from /home/ubuntu/.conan2/p/b/gtestcb47be3c6b389/p/include/gtest/gtest-assertion-result.h:46,
                 from /home/ubuntu/.conan2/p/b/gtestcb47be3c6b389/p/include/gtest/gtest.h:63,
                 from /home/ubuntu/rcu/test/test_rcu_protected.cpp:1:
/usr/include/c++/11/bits/std_thread.h:127:7: error: ‘std::thread::thread(_Callable&&, _Args&& ...) [with _Callable = RCUTest_MultithreadedReads_Test::TestBody()::<lambda()>; _Args = {}; <template-parameter-1-3> = void]’, declared using local type ‘RCUTest_MultithreadedReads_Test::TestBody()::<lambda()>’, is used but never defined [-fpermissive]
  127 |       thread(_Callable&& __f, _Args&&... __args)
      |       ^~~~~~
/usr/include/c++/11/bits/std_thread.h:127:7: error: ‘std::thread::thread(_Callable&&, _Args&& ...) [with _Callable = RCUTest_ConcurrentReadsAndUpdates_Test::TestBody()::<lambda()>; _Args = {}; <template-parameter-1-3> = void]’, declared using local type ‘RCUTest_ConcurrentReadsAndUpdates_Test::TestBody()::<lambda()>’, is used but never defined [-fpermissive]
/usr/include/c++/11/bits/std_thread.h:127:7: error: ‘std::thread::thread(_Callable&&, _Args&& ...) [with _Callable = RCUTest_ConcurrentReadsAndUpdates_Test::TestBody()::<lambda()>; _Args = {}; <template-parameter-1-3> = void]’, declared using local type ‘RCUTest_ConcurrentReadsAndUpdates_Test::TestBody()::<lambda()>’, is used but never defined [-fpermissive]
gmake[2]: *** [test/CMakeFiles/test_rcu_protected.dir/build.make:76: test/CMakeFiles/test_rcu_protected.dir/test_rcu_protected.cpp.o] Error 1
gmake[1]: *** [CMakeFiles/Makefile2:128: test/CMakeFiles/test_rcu_protected.dir/all] Error 2
gmake: *** [Makefile:91: all] Error 2
